::1 - - [26/Apr/2021:05:50:06 +0000] "GET /api/users/login HTTP/1.1" 401 47
::1 - - [26/Apr/2021:05:50:42 +0000] "GET /api/users/login HTTP/1.1" 401 47
::1 - - [26/Apr/2021:05:51:12 +0000] "GET /api/users/login HTTP/1.1" 401 47
::1 - - [26/Apr/2021:05:51:37 +0000] "POST /api/users/login HTTP/1.1" 200 27
::1 - - [26/Apr/2021:05:54:56 +0000] "POST /api/users/register HTTP/1.1" 400 91
::1 - - [26/Apr/2021:05:56:01 +0000] "POST /api/users/register HTTP/1.1" 201 310
::1 - - [26/Apr/2021:05:58:08 +0000] "POST /api/users/register HTTP/1.1" 500 301
::1 - - [26/Apr/2021:05:58:39 +0000] "POST /api/users/register HTTP/1.1" 500 301
::1 - - [26/Apr/2021:06:06:53 +0000] "POST /api/users/register HTTP/1.1" 500 301
::1 - - [26/Apr/2021:06:09:01 +0000] "POST /api/users/register HTTP/1.1" 500 301
::1 - - [26/Apr/2021:09:09:21 +0000] "POST /api/transactions HTTP/1.1" 404 156
::1 - - [26/Apr/2021:09:10:14 +0000] "POST /api/transactions HTTP/1.1" 401 47
::1 - - [26/Apr/2021:09:10:36 +0000] "POST /api/transactions HTTP/1.1" 400 28
::1 - - [26/Apr/2021:09:11:31 +0000] "POST /api/transactions HTTP/1.1" 400 28
::1 - - [26/Apr/2021:09:11:37 +0000] "POST /api/transactions HTTP/1.1" 400 28
::1 - - [26/Apr/2021:09:11:55 +0000] "POST /api/transactions HTTP/1.1" 400 28
::1 - - [26/Apr/2021:09:12:23 +0000] "POST /api/transactions HTTP/1.1" 400 28
::1 - - [26/Apr/2021:09:12:42 +0000] "POST /api/transactions HTTP/1.1" 400 28
::1 - - [26/Apr/2021:09:13:21 +0000] "POST /api/transactions HTTP/1.1" 400 28
::1 - - [26/Apr/2021:09:15:23 +0000] "POST /api/transactions HTTP/1.1" 400 28
::1 - - [26/Apr/2021:09:15:47 +0000] "POST /api/transactions HTTP/1.1" 400 28
::1 - - [26/Apr/2021:09:15:57 +0000] "POST /api/transactions HTTP/1.1" 201 35
::1 - - [26/Apr/2021:09:16:56 +0000] "POST /api/transactions HTTP/1.1" 201 32
::1 - - [26/Apr/2021:09:17:34 +0000] "POST /api/transactions HTTP/1.1" 201 38
::1 - - [26/Apr/2021:09:18:39 +0000] "POST /api/transactions HTTP/1.1" 201 38
::1 - - [26/Apr/2021:09:21:50 +0000] "POST /api/transactions HTTP/1.1" 400 40
::1 - - [26/Apr/2021:09:22:06 +0000] "POST /api/transactions HTTP/1.1" 201 38
::1 - - [26/Apr/2021:09:32:52 +0000] "GET /api/transactions HTTP/1.1" 200 104
::1 - - [26/Apr/2021:09:33:06 +0000] "GET /api/transactions HTTP/1.1" 200 105
::1 - - [26/Apr/2021:09:33:58 +0000] "GET /api/transactions HTTP/1.1" 200 71
::1 - - [26/Apr/2021:09:34:49 +0000] "GET /api/transactions HTTP/1.1" 200 81
::1 - - [26/Apr/2021:09:37:15 +0000] "GET /api/transactions HTTP/1.1" 200 105
::1 - - [26/Apr/2021:09:37:36 +0000] "GET /api/transactions HTTP/1.1" 200 105
::1 - - [26/Apr/2021:09:42:35 +0000] "GET /api/transactions HTTP/1.1" 200 102
::1 - - [26/Apr/2021:09:42:54 +0000] "GET /api/transactions HTTP/1.1" 200 102
