::1 - - [30/Apr/2021:08:51:38 +0000] "GET /api/transactions HTTP/1.1" 200 102
::1 - - [30/Apr/2021:09:41:46 +0000] "GET /api/transactions HTTP/1.1" - -
::1 - - [30/Apr/2021:09:42:06 +0000] "GET /api/transactions HTTP/1.1" - -
::1 - - [30/Apr/2021:09:42:22 +0000] "GET /api/transactions HTTP/1.1" - -
::1 - - [30/Apr/2021:09:42:57 +0000] "GET /api/transactions HTTP/1.1" 200 103
::1 - - [30/Apr/2021:09:43:54 +0000] "GET /api/transactions HTTP/1.1" 200 133
::ffff:127.0.0.1 - - [30/Apr/2021:09:44:21 +0000] "GET /api/transactions HTTP/1.1" 200 133
::1 - - [30/Apr/2021:09:46:50 +0000] "POST /api/users/register HTTP/1.1" 201 263
::1 - - [30/Apr/2021:09:47:19 +0000] "GET /api/plans HTTP/1.1" 401 47
::1 - - [30/Apr/2021:09:48:17 +0000] "GET /api/plans HTTP/1.1" 401 47
::1 - - [30/Apr/2021:09:48:26 +0000] "GET /api/plans HTTP/1.1" 200 231
::1 - - [30/Apr/2021:09:49:10 +0000] "POST /api/plans HTTP/1.1" 401 47
::1 - - [30/Apr/2021:09:53:08 +0000] "POST /api/plans HTTP/1.1" 401 47
::1 - - [30/Apr/2021:09:53:17 +0000] "POST /api/plans HTTP/1.1" 201 60
::1 - - [30/Apr/2021:09:53:40 +0000] "POST /api/plans HTTP/1.1" 201 60
::1 - - [30/Apr/2021:09:54:46 +0000] "POST /api/users/register HTTP/1.1" 201 263
::1 - - [30/Apr/2021:09:55:55 +0000] "POST /api/plans HTTP/1.1" 403 73
::1 - - [30/Apr/2021:09:56:27 +0000] "POST /api/plans HTTP/1.1" 201 60
::1 - - [30/Apr/2021:09:59:27 +0000] "DELETE /api/plans/6 HTTP/1.1" 401 47
::1 - - [30/Apr/2021:10:00:15 +0000] "DELETE /api/plans/6 HTTP/1.1" 403 73
::1 - - [30/Apr/2021:10:00:50 +0000] "DELETE /api/plans/6 HTTP/1.1" 200 28
::1 - - [30/Apr/2021:10:03:20 +0000] "POST /api/transactions HTTP/1.1" 403 73
::1 - - [30/Apr/2021:10:04:37 +0000] "POST /api/transactions HTTP/1.1" 400 40
::1 - - [30/Apr/2021:10:06:06 +0000] "POST /api/transactions HTTP/1.1" 201 38
::1 - - [30/Apr/2021:10:06:19 +0000] "GET /api/transactions HTTP/1.1" 200 131
::1 - - [30/Apr/2021:10:06:38 +0000] "GET /api/transactions HTTP/1.1" 401 43
::1 - - [30/Apr/2021:10:07:48 +0000] "GET /api/transactions HTTP/1.1" 200 131
::1 - - [30/Apr/2021:10:07:52 +0000] "GET /api/transactions HTTP/1.1" 200 114
::1 - - [30/Apr/2021:10:08:30 +0000] "GET /api/transactions HTTP/1.1" 200 114
::1 - - [30/Apr/2021:10:09:29 +0000] "GET /api/transactions HTTP/1.1" 200 114
::1 - - [30/Apr/2021:10:10:22 +0000] "GET /api/transactions HTTP/1.1" 200 116
::1 - - [30/Apr/2021:10:10:32 +0000] "GET /api/transactions HTTP/1.1" 401 47
Method:GET; URL:/; Status:200; Message:OK; DateTime:h30/04/2021; ResponseTime:23.788 ms
Method:GET; URL:/css/bootstrap.min.css; Status:404; Message:Not Found; DateTime:h30/04/2021; ResponseTime:4.008 ms
Method:GET; URL:/js/jquery-3.2.1.min.js; Status:404; Message:Not Found; DateTime:h30/04/2021; ResponseTime:0.672 ms
Method:GET; URL:/css/custom.css; Status:404; Message:Not Found; DateTime:h30/04/2021; ResponseTime:0.525 ms
Method:GET; URL:/js/bootstrap.min.js; Status:404; Message:Not Found; DateTime:h30/04/2021; ResponseTime:0.761 ms
Method:GET; URL:/js/jquery.superslides.min.js; Status:404; Message:Not Found; DateTime:h30/04/2021; ResponseTime:1.178 ms
Method:GET; URL:/js/isotope.min.js; Status:404; Message:Not Found; DateTime:h30/04/2021; ResponseTime:0.544 ms
Method:GET; URL:/js/popper.min.js; Status:404; Message:Not Found; DateTime:h30/04/2021; ResponseTime:0.561 ms
Method:GET; URL:/js/baguetteBox.min.js; Status:404; Message:Not Found; DateTime:h30/04/2021; ResponseTime:0.656 ms
Method:GET; URL:/js/form-validator.min.js; Status:404; Message:Not Found; DateTime:h30/04/2021; ResponseTime:0.860 ms
Method:GET; URL:/js/contact-form-script.js; Status:404; Message:Not Found; DateTime:h30/04/2021; ResponseTime:0.588 ms
Method:GET; URL:/js/images-loded.min.js; Status:404; Message:Not Found; DateTime:h30/04/2021; ResponseTime:1.099 ms
Method:GET; URL:/css/style.css; Status:404; Message:Not Found; DateTime:h30/04/2021; ResponseTime:0.620 ms
Method:GET; URL:/css/responsive.css; Status:404; Message:Not Found; DateTime:h30/04/2021; ResponseTime:1.024 ms
Method:GET; URL:/images/slider-01.jpg; Status:404; Message:Not Found; DateTime:h30/04/2021; ResponseTime:3.597 ms
Method:GET; URL:/images/slider-02.jpg; Status:404; Message:Not Found; DateTime:h30/04/2021; ResponseTime:0.438 ms
Method:GET; URL:/images/slider-03.jpg; Status:404; Message:Not Found; DateTime:h30/04/2021; ResponseTime:0.483 ms
Method:GET; URL:/images/about-img.jpg; Status:404; Message:Not Found; DateTime:h30/04/2021; ResponseTime:0.403 ms
Method:GET; URL:/images/img-07.jpg; Status:404; Message:Not Found; DateTime:h30/04/2021; ResponseTime:0.401 ms
Method:GET; URL:/images/img-03.jpg; Status:404; Message:Not Found; DateTime:h30/04/2021; ResponseTime:0.868 ms
Method:GET; URL:/images/img-05.jpg; Status:404; Message:Not Found; DateTime:h30/04/2021; ResponseTime:0.375 ms
Method:GET; URL:/images/img-08.jpg; Status:404; Message:Not Found; DateTime:h30/04/2021; ResponseTime:0.450 ms
Method:GET; URL:/images/gallery-img-05.jpg; Status:404; Message:Not Found; DateTime:h30/04/2021; ResponseTime:0.463 ms
Method:GET; URL:/images/img-02.jpg; Status:404; Message:Not Found; DateTime:h30/04/2021; ResponseTime:0.403 ms
Method:GET; URL:/images/gallery-img-01.jpg; Status:404; Message:Not Found; DateTime:h30/04/2021; ResponseTime:0.455 ms
Method:GET; URL:/images/gallery-img-03.jpg; Status:404; Message:Not Found; DateTime:h30/04/2021; ResponseTime:0.379 ms
Method:GET; URL:/images/img-06.jpg; Status:404; Message:Not Found; DateTime:h30/04/2021; ResponseTime:0.425 ms
Method:GET; URL:/images/gallery-img-02.jpg; Status:404; Message:Not Found; DateTime:h30/04/2021; ResponseTime:0.419 ms
Method:GET; URL:/images/img-01.jpg; Status:404; Message:Not Found; DateTime:h30/04/2021; ResponseTime:0.469 ms
Method:GET; URL:/images/quotations-button.png; Status:404; Message:Not Found; DateTime:h30/04/2021; ResponseTime:0.488 ms
Method:GET; URL:/images/gallery-img-06.jpg; Status:404; Message:Not Found; DateTime:h30/04/2021; ResponseTime:0.379 ms
Method:GET; URL:/images/img-09.jpg; Status:404; Message:Not Found; DateTime:h30/04/2021; ResponseTime:0.423 ms
Method:GET; URL:/images/img-04.jpg; Status:404; Message:Not Found; DateTime:h30/04/2021; ResponseTime:0.452 ms
Method:GET; URL:/images/gallery-img-04.jpg; Status:404; Message:Not Found; DateTime:h30/04/2021; ResponseTime:0.410 ms
Method:GET; URL:/js/custom.js; Status:404; Message:Not Found; DateTime:h30/04/2021; ResponseTime:0.392 ms
Method:GET; URL:/images/logo.png; Status:404; Message:Not Found; DateTime:h30/04/2021; ResponseTime:0.405 ms
Method:GET; URL:/css/bootstrap.min.css; Status:404; Message:Not Found; DateTime:h30/04/2021; ResponseTime:0.456 ms
Method:GET; URL:/css/style.css; Status:404; Message:Not Found; DateTime:h30/04/2021; ResponseTime:0.433 ms
Method:GET; URL:/css/responsive.css; Status:404; Message:Not Found; DateTime:h30/04/2021; ResponseTime:0.437 ms
Method:GET; URL:/css/custom.css; Status:404; Message:Not Found; DateTime:h30/04/2021; ResponseTime:0.395 ms
Method:GET; URL:/js/jquery-3.2.1.min.js; Status:404; Message:Not Found; DateTime:h30/04/2021; ResponseTime:0.435 ms
Method:GET; URL:/images/logo.png; Status:404; Message:Not Found; DateTime:h30/04/2021; ResponseTime:0.475 ms
Method:GET; URL:/images/slider-01.jpg; Status:404; Message:Not Found; DateTime:h30/04/2021; ResponseTime:0.435 ms
Method:GET; URL:/images/slider-02.jpg; Status:404; Message:Not Found; DateTime:h30/04/2021; ResponseTime:0.439 ms
Method:GET; URL:/images/slider-03.jpg; Status:404; Message:Not Found; DateTime:h30/04/2021; ResponseTime:0.486 ms
Method:GET; URL:/images/about-img.jpg; Status:404; Message:Not Found; DateTime:h30/04/2021; ResponseTime:0.410 ms
Method:GET; URL:/images/img-03.jpg; Status:404; Message:Not Found; DateTime:h30/04/2021; ResponseTime:0.622 ms
Method:GET; URL:/images/img-05.jpg; Status:404; Message:Not Found; DateTime:h30/04/2021; ResponseTime:0.867 ms
Method:GET; URL:/images/img-01.jpg; Status:404; Message:Not Found; DateTime:h30/04/2021; ResponseTime:0.435 ms
Method:GET; URL:/images/img-02.jpg; Status:404; Message:Not Found; DateTime:h30/04/2021; ResponseTime:0.402 ms
Method:GET; URL:/images/img-04.jpg; Status:404; Message:Not Found; DateTime:h30/04/2021; ResponseTime:0.420 ms
Method:GET; URL:/images/img-08.jpg; Status:404; Message:Not Found; DateTime:h30/04/2021; ResponseTime:0.402 ms
Method:GET; URL:/images/img-09.jpg; Status:404; Message:Not Found; DateTime:h30/04/2021; ResponseTime:0.423 ms
Method:GET; URL:/images/gallery-img-02.jpg; Status:404; Message:Not Found; DateTime:h30/04/2021; ResponseTime:0.419 ms
Method:GET; URL:/images/img-06.jpg; Status:404; Message:Not Found; DateTime:h30/04/2021; ResponseTime:0.423 ms
Method:GET; URL:/images/img-07.jpg; Status:404; Message:Not Found; DateTime:h30/04/2021; ResponseTime:0.359 ms
Method:GET; URL:/images/gallery-img-01.jpg; Status:404; Message:Not Found; DateTime:h30/04/2021; ResponseTime:0.382 ms
Method:GET; URL:/images/gallery-img-04.jpg; Status:404; Message:Not Found; DateTime:h30/04/2021; ResponseTime:0.340 ms
Method:GET; URL:/images/gallery-img-05.jpg; Status:404; Message:Not Found; DateTime:h30/04/2021; ResponseTime:0.364 ms
Method:GET; URL:/images/gallery-img-03.jpg; Status:404; Message:Not Found; DateTime:h30/04/2021; ResponseTime:0.310 ms
Method:GET; URL:/images/gallery-img-06.jpg; Status:404; Message:Not Found; DateTime:h30/04/2021; ResponseTime:0.393 ms
Method:GET; URL:/images/quotations-button.png; Status:404; Message:Not Found; DateTime:h30/04/2021; ResponseTime:0.391 ms
Method:GET; URL:/js/popper.min.js; Status:404; Message:Not Found; DateTime:h30/04/2021; ResponseTime:0.394 ms
Method:GET; URL:/js/bootstrap.min.js; Status:404; Message:Not Found; DateTime:h30/04/2021; ResponseTime:0.397 ms
Method:GET; URL:/js/jquery.superslides.min.js; Status:404; Message:Not Found; DateTime:h30/04/2021; ResponseTime:0.411 ms
Method:GET; URL:/js/images-loded.min.js; Status:404; Message:Not Found; DateTime:h30/04/2021; ResponseTime:0.400 ms
Method:GET; URL:/js/isotope.min.js; Status:404; Message:Not Found; DateTime:h30/04/2021; ResponseTime:0.419 ms
Method:GET; URL:/js/baguetteBox.min.js; Status:404; Message:Not Found; DateTime:h30/04/2021; ResponseTime:0.347 ms
Method:GET; URL:/js/form-validator.min.js; Status:404; Message:Not Found; DateTime:h30/04/2021; ResponseTime:0.618 ms
Method:GET; URL:/js/contact-form-script.js; Status:404; Message:Not Found; DateTime:h30/04/2021; ResponseTime:0.797 ms
Method:GET; URL:/js/custom.js; Status:404; Message:Not Found; DateTime:h30/04/2021; ResponseTime:0.370 ms
Method:GET; URL:/images/apple-touch-icon.png; Status:404; Message:Not Found; DateTime:h30/04/2021; ResponseTime:0.533 ms
Method:GET; URL:/images/favicon.ico; Status:404; Message:Not Found; DateTime:h30/04/2021; ResponseTime:0.416 ms
Method:GET; URL:/; Status:200; Message:OK; DateTime:h30/04/2021; ResponseTime:3.864 ms
Method:GET; URL:/css/bootstrap.min.css; Status:404; Message:Not Found; DateTime:h30/04/2021; ResponseTime:0.753 ms
Method:GET; URL:/css/custom.css; Status:404; Message:Not Found; DateTime:h30/04/2021; ResponseTime:0.455 ms
Method:GET; URL:/js/jquery-3.2.1.min.js; Status:404; Message:Not Found; DateTime:h30/04/2021; ResponseTime:0.513 ms
Method:GET; URL:/js/popper.min.js; Status:404; Message:Not Found; DateTime:h30/04/2021; ResponseTime:0.592 ms
Method:GET; URL:/js/bootstrap.min.js; Status:404; Message:Not Found; DateTime:h30/04/2021; ResponseTime:0.395 ms
Method:GET; URL:/js/jquery.superslides.min.js; Status:404; Message:Not Found; DateTime:h30/04/2021; ResponseTime:0.508 ms
Method:GET; URL:/js/images-loded.min.js; Status:404; Message:Not Found; DateTime:h30/04/2021; ResponseTime:0.514 ms
Method:GET; URL:/js/isotope.min.js; Status:404; Message:Not Found; DateTime:h30/04/2021; ResponseTime:0.508 ms
Method:GET; URL:/js/baguetteBox.min.js; Status:404; Message:Not Found; DateTime:h30/04/2021; ResponseTime:0.340 ms
Method:GET; URL:/js/form-validator.min.js; Status:404; Message:Not Found; DateTime:h30/04/2021; ResponseTime:0.377 ms
Method:GET; URL:/js/contact-form-script.js; Status:404; Message:Not Found; DateTime:h30/04/2021; ResponseTime:0.409 ms
Method:GET; URL:/css/style.css; Status:404; Message:Not Found; DateTime:h30/04/2021; ResponseTime:0.657 ms
Method:GET; URL:/css/responsive.css; Status:404; Message:Not Found; DateTime:h30/04/2021; ResponseTime:0.415 ms
Method:GET; URL:/js/custom.js; Status:404; Message:Not Found; DateTime:h30/04/2021; ResponseTime:0.369 ms
Method:GET; URL:/images/logo.png; Status:404; Message:Not Found; DateTime:h30/04/2021; ResponseTime:0.639 ms
Method:GET; URL:/images/slider-01.jpg; Status:404; Message:Not Found; DateTime:h30/04/2021; ResponseTime:0.426 ms
Method:GET; URL:/images/img-02.jpg; Status:404; Message:Not Found; DateTime:h30/04/2021; ResponseTime:0.469 ms
Method:GET; URL:/images/slider-02.jpg; Status:404; Message:Not Found; DateTime:h30/04/2021; ResponseTime:0.556 ms
Method:GET; URL:/images/slider-03.jpg; Status:404; Message:Not Found; DateTime:h30/04/2021; ResponseTime:0.436 ms
Method:GET; URL:/images/about-img.jpg; Status:404; Message:Not Found; DateTime:h30/04/2021; ResponseTime:0.620 ms
Method:GET; URL:/images/img-01.jpg; Status:404; Message:Not Found; DateTime:h30/04/2021; ResponseTime:0.580 ms
Method:GET; URL:/images/img-04.jpg; Status:404; Message:Not Found; DateTime:h30/04/2021; ResponseTime:0.429 ms
Method:GET; URL:/images/img-05.jpg; Status:404; Message:Not Found; DateTime:h30/04/2021; ResponseTime:0.476 ms
Method:GET; URL:/images/img-06.jpg; Status:404; Message:Not Found; DateTime:h30/04/2021; ResponseTime:0.540 ms
Method:GET; URL:/images/img-08.jpg; Status:404; Message:Not Found; DateTime:h30/04/2021; ResponseTime:0.498 ms
Method:GET; URL:/images/img-03.jpg; Status:404; Message:Not Found; DateTime:h30/04/2021; ResponseTime:0.456 ms
Method:GET; URL:/images/img-07.jpg; Status:404; Message:Not Found; DateTime:h30/04/2021; ResponseTime:1.249 ms
Method:GET; URL:/images/img-09.jpg; Status:404; Message:Not Found; DateTime:h30/04/2021; ResponseTime:0.425 ms
Method:GET; URL:/images/gallery-img-01.jpg; Status:404; Message:Not Found; DateTime:h30/04/2021; ResponseTime:1.999 ms
Method:GET; URL:/images/gallery-img-04.jpg; Status:404; Message:Not Found; DateTime:h30/04/2021; ResponseTime:0.443 ms
Method:GET; URL:/images/gallery-img-02.jpg; Status:404; Message:Not Found; DateTime:h30/04/2021; ResponseTime:0.352 ms
Method:GET; URL:/images/gallery-img-03.jpg; Status:404; Message:Not Found; DateTime:h30/04/2021; ResponseTime:0.384 ms
Method:GET; URL:/images/gallery-img-06.jpg; Status:404; Message:Not Found; DateTime:h30/04/2021; ResponseTime:0.367 ms
Method:GET; URL:/images/quotations-button.png; Status:404; Message:Not Found; DateTime:h30/04/2021; ResponseTime:0.432 ms
Method:GET; URL:/images/gallery-img-05.jpg; Status:404; Message:Not Found; DateTime:h30/04/2021; ResponseTime:0.408 ms
Method:GET; URL:/js/popper.min.js; Status:404; Message:Not Found; DateTime:h30/04/2021; ResponseTime:0.459 ms
Method:GET; URL:/js/bootstrap.min.js; Status:404; Message:Not Found; DateTime:h30/04/2021; ResponseTime:0.436 ms
Method:GET; URL:/js/jquery.superslides.min.js; Status:404; Message:Not Found; DateTime:h30/04/2021; ResponseTime:0.592 ms
Method:GET; URL:/js/images-loded.min.js; Status:404; Message:Not Found; DateTime:h30/04/2021; ResponseTime:0.412 ms
Method:GET; URL:/js/isotope.min.js; Status:404; Message:Not Found; DateTime:h30/04/2021; ResponseTime:0.412 ms
Method:GET; URL:/js/baguetteBox.min.js; Status:404; Message:Not Found; DateTime:h30/04/2021; ResponseTime:0.454 ms
Method:GET; URL:/js/form-validator.min.js; Status:404; Message:Not Found; DateTime:h30/04/2021; ResponseTime:0.457 ms
Method:GET; URL:/js/contact-form-script.js; Status:404; Message:Not Found; DateTime:h30/04/2021; ResponseTime:0.401 ms
Method:GET; URL:/js/custom.js; Status:404; Message:Not Found; DateTime:h30/04/2021; ResponseTime:0.448 ms
Method:GET; URL:/images/apple-touch-icon.png; Status:404; Message:Not Found; DateTime:h30/04/2021; ResponseTime:0.435 ms
Method:GET; URL:/images/favicon.ico; Status:404; Message:Not Found; DateTime:h30/04/2021; ResponseTime:0.817 ms
Method:GET; URL:/; Status:200; Message:OK; DateTime:h30/04/2021; ResponseTime:9.287 ms
Method:GET; URL:/css/bootstrap.min.css; Status:404; Message:Not Found; DateTime:h30/04/2021; ResponseTime:0.401 ms
Method:GET; URL:/css/custom.css; Status:404; Message:Not Found; DateTime:h30/04/2021; ResponseTime:0.420 ms
Method:GET; URL:/js/jquery-3.2.1.min.js; Status:404; Message:Not Found; DateTime:h30/04/2021; ResponseTime:0.432 ms
Method:GET; URL:/js/popper.min.js; Status:404; Message:Not Found; DateTime:h30/04/2021; ResponseTime:0.393 ms
Method:GET; URL:/js/bootstrap.min.js; Status:404; Message:Not Found; DateTime:h30/04/2021; ResponseTime:0.439 ms
Method:GET; URL:/js/jquery.superslides.min.js; Status:404; Message:Not Found; DateTime:h30/04/2021; ResponseTime:0.429 ms
Method:GET; URL:/js/baguetteBox.min.js; Status:404; Message:Not Found; DateTime:h30/04/2021; ResponseTime:0.364 ms
Method:GET; URL:/js/form-validator.min.js; Status:404; Message:Not Found; DateTime:h30/04/2021; ResponseTime:0.652 ms
Method:GET; URL:/js/contact-form-script.js; Status:404; Message:Not Found; DateTime:h30/04/2021; ResponseTime:0.424 ms
Method:GET; URL:/js/images-loded.min.js; Status:404; Message:Not Found; DateTime:h30/04/2021; ResponseTime:0.622 ms
Method:GET; URL:/js/isotope.min.js; Status:404; Message:Not Found; DateTime:h30/04/2021; ResponseTime:0.447 ms
Method:GET; URL:/css/responsive.css; Status:404; Message:Not Found; DateTime:h30/04/2021; ResponseTime:0.530 ms
Method:GET; URL:/js/custom.js; Status:404; Message:Not Found; DateTime:h30/04/2021; ResponseTime:0.593 ms
Method:GET; URL:/css/style.css; Status:404; Message:Not Found; DateTime:h30/04/2021; ResponseTime:0.422 ms
Method:GET; URL:/images/logo.png; Status:404; Message:Not Found; DateTime:h30/04/2021; ResponseTime:0.434 ms
Method:GET; URL:/images/slider-01.jpg; Status:404; Message:Not Found; DateTime:h30/04/2021; ResponseTime:0.407 ms
Method:GET; URL:/images/slider-02.jpg; Status:404; Message:Not Found; DateTime:h30/04/2021; ResponseTime:0.362 ms
Method:GET; URL:/images/slider-03.jpg; Status:404; Message:Not Found; DateTime:h30/04/2021; ResponseTime:0.342 ms
Method:GET; URL:/images/about-img.jpg; Status:404; Message:Not Found; DateTime:h30/04/2021; ResponseTime:0.408 ms
Method:GET; URL:/images/img-01.jpg; Status:404; Message:Not Found; DateTime:h30/04/2021; ResponseTime:0.527 ms
Method:GET; URL:/images/img-02.jpg; Status:404; Message:Not Found; DateTime:h30/04/2021; ResponseTime:0.599 ms
Method:GET; URL:/images/img-03.jpg; Status:404; Message:Not Found; DateTime:h30/04/2021; ResponseTime:0.422 ms
Method:GET; URL:/images/img-04.jpg; Status:404; Message:Not Found; DateTime:h30/04/2021; ResponseTime:0.445 ms
Method:GET; URL:/images/img-07.jpg; Status:404; Message:Not Found; DateTime:h30/04/2021; ResponseTime:0.420 ms
Method:GET; URL:/images/img-08.jpg; Status:404; Message:Not Found; DateTime:h30/04/2021; ResponseTime:0.382 ms
Method:GET; URL:/images/gallery-img-01.jpg; Status:404; Message:Not Found; DateTime:h30/04/2021; ResponseTime:0.345 ms
Method:GET; URL:/images/img-05.jpg; Status:404; Message:Not Found; DateTime:h30/04/2021; ResponseTime:0.413 ms
Method:GET; URL:/images/img-06.jpg; Status:404; Message:Not Found; DateTime:h30/04/2021; ResponseTime:0.376 ms
Method:GET; URL:/images/img-09.jpg; Status:404; Message:Not Found; DateTime:h30/04/2021; ResponseTime:0.414 ms
Method:GET; URL:/images/gallery-img-03.jpg; Status:404; Message:Not Found; DateTime:h30/04/2021; ResponseTime:0.446 ms
Method:GET; URL:/images/gallery-img-02.jpg; Status:404; Message:Not Found; DateTime:h30/04/2021; ResponseTime:0.398 ms
Method:GET; URL:/images/gallery-img-04.jpg; Status:404; Message:Not Found; DateTime:h30/04/2021; ResponseTime:0.356 ms
Method:GET; URL:/images/gallery-img-05.jpg; Status:404; Message:Not Found; DateTime:h30/04/2021; ResponseTime:0.454 ms
Method:GET; URL:/images/gallery-img-06.jpg; Status:404; Message:Not Found; DateTime:h30/04/2021; ResponseTime:0.394 ms
Method:GET; URL:/images/quotations-button.png; Status:404; Message:Not Found; DateTime:h30/04/2021; ResponseTime:0.365 ms
Method:GET; URL:/js/popper.min.js; Status:404; Message:Not Found; DateTime:h30/04/2021; ResponseTime:0.414 ms
Method:GET; URL:/js/bootstrap.min.js; Status:404; Message:Not Found; DateTime:h30/04/2021; ResponseTime:0.409 ms
Method:GET; URL:/js/jquery.superslides.min.js; Status:404; Message:Not Found; DateTime:h30/04/2021; ResponseTime:0.435 ms
Method:GET; URL:/js/images-loded.min.js; Status:404; Message:Not Found; DateTime:h30/04/2021; ResponseTime:0.403 ms
Method:GET; URL:/js/isotope.min.js; Status:404; Message:Not Found; DateTime:h30/04/2021; ResponseTime:0.365 ms
Method:GET; URL:/js/baguetteBox.min.js; Status:404; Message:Not Found; DateTime:h30/04/2021; ResponseTime:0.403 ms
Method:GET; URL:/js/form-validator.min.js; Status:404; Message:Not Found; DateTime:h30/04/2021; ResponseTime:0.428 ms
Method:GET; URL:/js/contact-form-script.js; Status:404; Message:Not Found; DateTime:h30/04/2021; ResponseTime:0.413 ms
Method:GET; URL:/js/custom.js; Status:404; Message:Not Found; DateTime:h30/04/2021; ResponseTime:0.414 ms
Method:GET; URL:/; Status:200; Message:OK; DateTime:h30/04/2021; ResponseTime:4.000 ms
Method:GET; URL:/css/bootstrap.min.css; Status:404; Message:Not Found; DateTime:h30/04/2021; ResponseTime:0.509 ms
Method:GET; URL:/css/style.css; Status:404; Message:Not Found; DateTime:h30/04/2021; ResponseTime:0.454 ms
Method:GET; URL:/css/responsive.css; Status:404; Message:Not Found; DateTime:h30/04/2021; ResponseTime:0.440 ms
Method:GET; URL:/js/popper.min.js; Status:404; Message:Not Found; DateTime:h30/04/2021; ResponseTime:0.379 ms
Method:GET; URL:/js/bootstrap.min.js; Status:404; Message:Not Found; DateTime:h30/04/2021; ResponseTime:0.437 ms
Method:GET; URL:/js/form-validator.min.js; Status:404; Message:Not Found; DateTime:h30/04/2021; ResponseTime:0.516 ms
Method:GET; URL:/js/images-loded.min.js; Status:404; Message:Not Found; DateTime:h30/04/2021; ResponseTime:0.396 ms
Method:GET; URL:/js/contact-form-script.js; Status:404; Message:Not Found; DateTime:h30/04/2021; ResponseTime:0.842 ms
Method:GET; URL:/js/custom.js; Status:404; Message:Not Found; DateTime:h30/04/2021; ResponseTime:0.517 ms
Method:GET; URL:/js/jquery.superslides.min.js; Status:404; Message:Not Found; DateTime:h30/04/2021; ResponseTime:2.300 ms
Method:GET; URL:/js/isotope.min.js; Status:404; Message:Not Found; DateTime:h30/04/2021; ResponseTime:0.527 ms
Method:GET; URL:/js/baguetteBox.min.js; Status:404; Message:Not Found; DateTime:h30/04/2021; ResponseTime:0.405 ms
Method:GET; URL:/css/custom.css; Status:404; Message:Not Found; DateTime:h30/04/2021; ResponseTime:0.426 ms
Method:GET; URL:/js/jquery-3.2.1.min.js; Status:404; Message:Not Found; DateTime:h30/04/2021; ResponseTime:0.393 ms
Method:GET; URL:/images/gallery-img-02.jpg; Status:404; Message:Not Found; DateTime:h30/04/2021; ResponseTime:1.945 ms
Method:GET; URL:/images/img-02.jpg; Status:404; Message:Not Found; DateTime:h30/04/2021; ResponseTime:0.493 ms
Method:GET; URL:/images/img-03.jpg; Status:404; Message:Not Found; DateTime:h30/04/2021; ResponseTime:0.404 ms
Method:GET; URL:/images/img-04.jpg; Status:404; Message:Not Found; DateTime:h30/04/2021; ResponseTime:1.032 ms
Method:GET; URL:/images/img-05.jpg; Status:404; Message:Not Found; DateTime:h30/04/2021; ResponseTime:0.408 ms
Method:GET; URL:/images/slider-01.jpg; Status:404; Message:Not Found; DateTime:h30/04/2021; ResponseTime:0.318 ms
Method:GET; URL:/images/slider-02.jpg; Status:404; Message:Not Found; DateTime:h30/04/2021; ResponseTime:0.388 ms
Method:GET; URL:/images/slider-03.jpg; Status:404; Message:Not Found; DateTime:h30/04/2021; ResponseTime:0.372 ms
Method:GET; URL:/images/img-06.jpg; Status:404; Message:Not Found; DateTime:h30/04/2021; ResponseTime:0.698 ms
Method:GET; URL:/images/img-01.jpg; Status:404; Message:Not Found; DateTime:h30/04/2021; ResponseTime:0.406 ms
Method:GET; URL:/images/about-img.jpg; Status:404; Message:Not Found; DateTime:h30/04/2021; ResponseTime:0.409 ms
Method:GET; URL:/images/logo.png; Status:404; Message:Not Found; DateTime:h30/04/2021; ResponseTime:0.511 ms
Method:GET; URL:/images/img-07.jpg; Status:404; Message:Not Found; DateTime:h30/04/2021; ResponseTime:0.679 ms
Method:GET; URL:/images/img-08.jpg; Status:404; Message:Not Found; DateTime:h30/04/2021; ResponseTime:0.361 ms
Method:GET; URL:/images/img-09.jpg; Status:404; Message:Not Found; DateTime:h30/04/2021; ResponseTime:0.348 ms
Method:GET; URL:/images/gallery-img-01.jpg; Status:404; Message:Not Found; DateTime:h30/04/2021; ResponseTime:0.321 ms
Method:GET; URL:/images/gallery-img-03.jpg; Status:404; Message:Not Found; DateTime:h30/04/2021; ResponseTime:0.373 ms
Method:GET; URL:/images/gallery-img-04.jpg; Status:404; Message:Not Found; DateTime:h30/04/2021; ResponseTime:0.415 ms
Method:GET; URL:/images/gallery-img-06.jpg; Status:404; Message:Not Found; DateTime:h30/04/2021; ResponseTime:2.712 ms
Method:GET; URL:/images/gallery-img-05.jpg; Status:404; Message:Not Found; DateTime:h30/04/2021; ResponseTime:0.379 ms
Method:GET; URL:/images/quotations-button.png; Status:404; Message:Not Found; DateTime:h30/04/2021; ResponseTime:0.298 ms
Method:GET; URL:/js/popper.min.js; Status:404; Message:Not Found; DateTime:h30/04/2021; ResponseTime:0.598 ms
Method:GET; URL:/js/bootstrap.min.js; Status:404; Message:Not Found; DateTime:h30/04/2021; ResponseTime:0.362 ms
Method:GET; URL:/js/jquery.superslides.min.js; Status:404; Message:Not Found; DateTime:h30/04/2021; ResponseTime:0.390 ms
Method:GET; URL:/js/images-loded.min.js; Status:404; Message:Not Found; DateTime:h30/04/2021; ResponseTime:0.345 ms
Method:GET; URL:/js/isotope.min.js; Status:404; Message:Not Found; DateTime:h30/04/2021; ResponseTime:0.405 ms
Method:GET; URL:/js/baguetteBox.min.js; Status:404; Message:Not Found; DateTime:h30/04/2021; ResponseTime:0.373 ms
Method:GET; URL:/js/form-validator.min.js; Status:404; Message:Not Found; DateTime:h30/04/2021; ResponseTime:0.380 ms
Method:GET; URL:/js/contact-form-script.js; Status:404; Message:Not Found; DateTime:h30/04/2021; ResponseTime:0.372 ms
Method:GET; URL:/js/custom.js; Status:404; Message:Not Found; DateTime:h30/04/2021; ResponseTime:1.681 ms
