Method:GET; URL:/; Status:200; Message:OK; DateTime:h06/05/2021; ResponseTime:10.449 ms
Method:GET; URL:/images/favicon.ico; Status:404; Message:Not Found; DateTime:h06/05/2021; ResponseTime:1.052 ms
Method:GET; URL:/images/favicon-32x32.png; Status:404; Message:Not Found; DateTime:h06/05/2021; ResponseTime:0.475 ms
Method:GET; URL:/images/favicon-16x16.png; Status:404; Message:Not Found; DateTime:h06/05/2021; ResponseTime:0.161 ms
Method:GET; URL:/; Status:304; Message:Not Modified; DateTime:h06/05/2021; ResponseTime:2.943 ms
Method:GET; URL:/; Status:304; Message:Not Modified; DateTime:h06/05/2021; ResponseTime:1.765 ms
Method:GET; URL:/; Status:304; Message:Not Modified; DateTime:h06/05/2021; ResponseTime:1.352 ms
Method:GET; URL:/; Status:304; Message:Not Modified; DateTime:h06/05/2021; ResponseTime:1.787 ms
Method:GET; URL:/; Status:304; Message:Not Modified; DateTime:h06/05/2021; ResponseTime:1.685 ms
Method:GET; URL:/; Status:304; Message:Not Modified; DateTime:h06/05/2021; ResponseTime:1.731 ms
Method:GET; URL:/; Status:304; Message:Not Modified; DateTime:h06/05/2021; ResponseTime:1.570 ms
Method:GET; URL:/; Status:304; Message:Not Modified; DateTime:h06/05/2021; ResponseTime:1.235 ms
Method:GET; URL:/; Status:304; Message:Not Modified; DateTime:h06/05/2021; ResponseTime:1.208 ms
Method:GET; URL:/; Status:304; Message:Not Modified; DateTime:h06/05/2021; ResponseTime:1.160 ms
Method:GET; URL:/; Status:304; Message:Not Modified; DateTime:h06/05/2021; ResponseTime:1.073 ms
Method:GET; URL:/; Status:304; Message:Not Modified; DateTime:h06/05/2021; ResponseTime:1.424 ms
Method:GET; URL:/; Status:304; Message:Not Modified; DateTime:h06/05/2021; ResponseTime:1.419 ms
Method:GET; URL:/; Status:304; Message:Not Modified; DateTime:h06/05/2021; ResponseTime:1.835 ms
Method:GET; URL:/; Status:200; Message:OK; DateTime:h06/05/2021; ResponseTime:1.632 ms
Method:GET; URL:/; Status:304; Message:Not Modified; DateTime:h06/05/2021; ResponseTime:1.729 ms
Method:GET; URL:/; Status:304; Message:Not Modified; DateTime:h06/05/2021; ResponseTime:1.932 ms
Method:GET; URL:/; Status:304; Message:Not Modified; DateTime:h06/05/2021; ResponseTime:1.272 ms
Method:GET; URL:/; Status:304; Message:Not Modified; DateTime:h06/05/2021; ResponseTime:1.209 ms
Method:GET; URL:/; Status:200; Message:OK; DateTime:h06/05/2021; ResponseTime:2.134 ms
Method:GET; URL:/; Status:200; Message:OK; DateTime:h06/05/2021; ResponseTime:2.270 ms
Method:GET; URL:/; Status:304; Message:Not Modified; DateTime:h06/05/2021; ResponseTime:7.790 ms
Method:GET; URL:/; Status:304; Message:Not Modified; DateTime:h06/05/2021; ResponseTime:1.920 ms
Method:GET; URL:/; Status:304; Message:Not Modified; DateTime:h06/05/2021; ResponseTime:1.744 ms
Method:GET; URL:/; Status:304; Message:Not Modified; DateTime:h06/05/2021; ResponseTime:1.397 ms
Method:GET; URL:/; Status:304; Message:Not Modified; DateTime:h06/05/2021; ResponseTime:1.506 ms
Method:GET; URL:/; Status:304; Message:Not Modified; DateTime:h06/05/2021; ResponseTime:1.293 ms
Method:GET; URL:/; Status:304; Message:Not Modified; DateTime:h06/05/2021; ResponseTime:1.289 ms
Method:GET; URL:/; Status:200; Message:OK; DateTime:h06/05/2021; ResponseTime:2.039 ms
Method:GET; URL:/; Status:304; Message:Not Modified; DateTime:h06/05/2021; ResponseTime:2.059 ms
Method:GET; URL:/; Status:200; Message:OK; DateTime:h06/05/2021; ResponseTime:2.773 ms
Method:GET; URL:/; Status:304; Message:Not Modified; DateTime:h06/05/2021; ResponseTime:2.571 ms
Method:GET; URL:/; Status:200; Message:OK; DateTime:h06/05/2021; ResponseTime:1.569 ms
Method:GET; URL:/; Status:200; Message:OK; DateTime:h06/05/2021; ResponseTime:2.306 ms
Method:GET; URL:/; Status:200; Message:OK; DateTime:h06/05/2021; ResponseTime:1.867 ms
Method:GET; URL:/; Status:304; Message:Not Modified; DateTime:h06/05/2021; ResponseTime:1.608 ms
Method:GET; URL:/; Status:200; Message:OK; DateTime:h06/05/2021; ResponseTime:2.311 ms
Method:GET; URL:/demo_icon.gif; Status:404; Message:Not Found; DateTime:h06/05/2021; ResponseTime:1.462 ms
Method:GET; URL:/; Status:304; Message:Not Modified; DateTime:h06/05/2021; ResponseTime:1.637 ms
Method:GET; URL:/; Status:200; Message:OK; DateTime:h06/05/2021; ResponseTime:1.750 ms
Method:GET; URL:/; Status:200; Message:OK; DateTime:h06/05/2021; ResponseTime:2.896 ms
Method:GET; URL:/; Status:304; Message:Not Modified; DateTime:h06/05/2021; ResponseTime:2.154 ms
Method:GET; URL:/; Status:304; Message:Not Modified; DateTime:h06/05/2021; ResponseTime:1.176 ms
Method:GET; URL:/; Status:304; Message:Not Modified; DateTime:h06/05/2021; ResponseTime:1.240 ms
Method:GET; URL:/; Status:304; Message:Not Modified; DateTime:h06/05/2021; ResponseTime:1.185 ms
Method:GET; URL:/; Status:304; Message:Not Modified; DateTime:h06/05/2021; ResponseTime:1.269 ms
Method:GET; URL:/; Status:304; Message:Not Modified; DateTime:h06/05/2021; ResponseTime:1.744 ms
Method:GET; URL:/; Status:304; Message:Not Modified; DateTime:h06/05/2021; ResponseTime:1.287 ms
Method:GET; URL:/; Status:304; Message:Not Modified; DateTime:h06/05/2021; ResponseTime:1.311 ms
Method:GET; URL:/js/popper.min.js.map; Status:404; Message:Not Found; DateTime:h06/05/2021; ResponseTime:0.734 ms
Method:GET; URL:/js/bootstrap.min.js.map; Status:404; Message:Not Found; DateTime:h06/05/2021; ResponseTime:0.193 ms
Method:GET; URL:/css/bootstrap.min.css.map; Status:404; Message:Not Found; DateTime:h06/05/2021; ResponseTime:0.181 ms
Method:GET; URL:/; Status:200; Message:OK; DateTime:h06/05/2021; ResponseTime:2.323 ms
Method:GET; URL:/js/popper.min.js.map; Status:404; Message:Not Found; DateTime:h06/05/2021; ResponseTime:0.216 ms
Method:GET; URL:/js/bootstrap.min.js.map; Status:404; Message:Not Found; DateTime:h06/05/2021; ResponseTime:0.163 ms
Method:GET; URL:/css/bootstrap.min.css.map; Status:404; Message:Not Found; DateTime:h06/05/2021; ResponseTime:0.174 ms
Method:GET; URL:/; Status:200; Message:OK; DateTime:h06/05/2021; ResponseTime:1.655 ms
Method:GET; URL:/css/bootstrap.min.css.map; Status:404; Message:Not Found; DateTime:h06/05/2021; ResponseTime:0.142 ms
Method:GET; URL:/js/popper.min.js.map; Status:404; Message:Not Found; DateTime:h06/05/2021; ResponseTime:0.213 ms
Method:GET; URL:/js/bootstrap.min.js.map; Status:404; Message:Not Found; DateTime:h06/05/2021; ResponseTime:0.227 ms
Method:GET; URL:/; Status:200; Message:OK; DateTime:h06/05/2021; ResponseTime:2.138 ms
Method:GET; URL:/css/bootstrap.min.css.map; Status:404; Message:Not Found; DateTime:h06/05/2021; ResponseTime:0.170 ms
Method:GET; URL:/js/popper.min.js.map; Status:404; Message:Not Found; DateTime:h06/05/2021; ResponseTime:0.149 ms
Method:GET; URL:/js/bootstrap.min.js.map; Status:404; Message:Not Found; DateTime:h06/05/2021; ResponseTime:0.158 ms
Method:GET; URL:/views/images/favicon.ico; Status:404; Message:Not Found; DateTime:h06/05/2021; ResponseTime:0.188 ms
Method:GET; URL:/views/images/favicon-32x32.png; Status:404; Message:Not Found; DateTime:h06/05/2021; ResponseTime:0.165 ms
Method:GET; URL:/views/images/favicon-16x16.png; Status:404; Message:Not Found; DateTime:h06/05/2021; ResponseTime:0.165 ms
Method:GET; URL:/; Status:200; Message:OK; DateTime:h06/05/2021; ResponseTime:1.634 ms
Method:GET; URL:/css/bootstrap.min.css.map; Status:404; Message:Not Found; DateTime:h06/05/2021; ResponseTime:0.244 ms
Method:GET; URL:/js/popper.min.js.map; Status:404; Message:Not Found; DateTime:h06/05/2021; ResponseTime:0.148 ms
Method:GET; URL:/js/bootstrap.min.js.map; Status:404; Message:Not Found; DateTime:h06/05/2021; ResponseTime:0.131 ms
Method:GET; URL:/; Status:200; Message:OK; DateTime:h06/05/2021; ResponseTime:2.285 ms
Method:GET; URL:/css/bootstrap.min.css.map; Status:404; Message:Not Found; DateTime:h06/05/2021; ResponseTime:0.294 ms
Method:GET; URL:/js/popper.min.js.map; Status:404; Message:Not Found; DateTime:h06/05/2021; ResponseTime:0.185 ms
Method:GET; URL:/js/bootstrap.min.js.map; Status:404; Message:Not Found; DateTime:h06/05/2021; ResponseTime:0.197 ms
Method:GET; URL:/; Status:304; Message:Not Modified; DateTime:h06/05/2021; ResponseTime:2.141 ms
Method:GET; URL:/; Status:304; Message:Not Modified; DateTime:h06/05/2021; ResponseTime:1.253 ms
Method:GET; URL:/; Status:304; Message:Not Modified; DateTime:h06/05/2021; ResponseTime:1.434 ms
Method:GET; URL:/; Status:200; Message:OK; DateTime:h06/05/2021; ResponseTime:1.992 ms
Method:GET; URL:/images/fit4u.jpg; Status:404; Message:Not Found; DateTime:h06/05/2021; ResponseTime:0.174 ms
Method:GET; URL:/; Status:200; Message:OK; DateTime:h06/05/2021; ResponseTime:2.351 ms
Method:GET; URL:/; Status:304; Message:Not Modified; DateTime:h06/05/2021; ResponseTime:1.817 ms
Method:GET; URL:/; Status:304; Message:Not Modified; DateTime:h06/05/2021; ResponseTime:1.720 ms
Method:GET; URL:/; Status:304; Message:Not Modified; DateTime:h06/05/2021; ResponseTime:1.545 ms
Method:GET; URL:/; Status:304; Message:Not Modified; DateTime:h06/05/2021; ResponseTime:1.235 ms
Method:GET; URL:/; Status:304; Message:Not Modified; DateTime:h06/05/2021; ResponseTime:1.589 ms
Method:GET; URL:/; Status:304; Message:Not Modified; DateTime:h06/05/2021; ResponseTime:1.739 ms
Method:GET; URL:/; Status:304; Message:Not Modified; DateTime:h06/05/2021; ResponseTime:1.530 ms
Method:GET; URL:/; Status:304; Message:Not Modified; DateTime:h06/05/2021; ResponseTime:1.696 ms
Method:GET; URL:/; Status:304; Message:Not Modified; DateTime:h06/05/2021; ResponseTime:1.431 ms
Method:GET; URL:/; Status:304; Message:Not Modified; DateTime:h06/05/2021; ResponseTime:2.210 ms
Method:GET; URL:/; Status:304; Message:Not Modified; DateTime:h06/05/2021; ResponseTime:1.246 ms
Method:GET; URL:/; Status:304; Message:Not Modified; DateTime:h06/05/2021; ResponseTime:1.225 ms
Method:GET; URL:/; Status:304; Message:Not Modified; DateTime:h06/05/2021; ResponseTime:8.034 ms
Method:GET; URL:/; Status:304; Message:Not Modified; DateTime:h06/05/2021; ResponseTime:1.781 ms
Method:GET; URL:/; Status:304; Message:Not Modified; DateTime:h06/05/2021; ResponseTime:1.400 ms
Method:GET; URL:/; Status:304; Message:Not Modified; DateTime:h06/05/2021; ResponseTime:7.754 ms
Method:GET; URL:/; Status:304; Message:Not Modified; DateTime:h06/05/2021; ResponseTime:1.966 ms
Method:GET; URL:/; Status:304; Message:Not Modified; DateTime:h06/05/2021; ResponseTime:1.341 ms
Method:GET; URL:/; Status:200; Message:OK; DateTime:h06/05/2021; ResponseTime:1.930 ms
Method:GET; URL:/; Status:200; Message:OK; DateTime:h06/05/2021; ResponseTime:2.031 ms
Method:GET; URL:/; Status:200; Message:OK; DateTime:h06/05/2021; ResponseTime:2.143 ms
Method:POST; URL:/api/users/login; Status:200; Message:OK; DateTime:h12/05/2021; ResponseTime:1510.338 ms
Method:POST; URL:/api/users/login; Status:200; Message:OK; DateTime:h12/05/2021; ResponseTime:1580.090 ms
Method:POST; URL:/api/users/login; Status:200; Message:OK; DateTime:h12/05/2021; ResponseTime:1121.810 ms
Method:POST; URL:/api/users/login; Status:400; Message:Bad Request; DateTime:h12/05/2021; ResponseTime:0.813 ms
Method:POST; URL:/api/users/login; Status:400; Message:Bad Request; DateTime:h12/05/2021; ResponseTime:0.580 ms
Method:POST; URL:/api/users/login; Status:400; Message:Bad Request; DateTime:h12/05/2021; ResponseTime:1.183 ms
Method:POST; URL:/api/users/login; Status:400; Message:Bad Request; DateTime:h12/05/2021; ResponseTime:1.326 ms
Method:POST; URL:/api/users/login; Status:400; Message:Bad Request; DateTime:h12/05/2021; ResponseTime:0.507 ms
Method:POST; URL:/api/users/login; Status:400; Message:Bad Request; DateTime:h12/05/2021; ResponseTime:0.543 ms
Method:POST; URL:/api/users/login; Status:400; Message:Bad Request; DateTime:h12/05/2021; ResponseTime:0.580 ms
Method:POST; URL:/api/users/login; Status:400; Message:Bad Request; DateTime:h12/05/2021; ResponseTime:0.882 ms
Method:GET; URL:/; Status:200; Message:OK; DateTime:h12/05/2021; ResponseTime:40.969 ms
Method:GET; URL:/; Status:-; Message:-; DateTime:h12/05/2021; ResponseTime:- ms
Method:GET; URL:/; Status:304; Message:Not Modified; DateTime:h12/05/2021; ResponseTime:26.142 ms
Method:GET; URL:/; Status:200; Message:OK; DateTime:h12/05/2021; ResponseTime:24.158 ms
Method:GET; URL:/; Status:304; Message:Not Modified; DateTime:h12/05/2021; ResponseTime:24.783 ms
Method:GET; URL:/; Status:200; Message:OK; DateTime:h12/05/2021; ResponseTime:27.993 ms
Method:GET; URL:/; Status:200; Message:OK; DateTime:h12/05/2021; ResponseTime:25.477 ms
Method:GET; URL:/; Status:200; Message:OK; DateTime:h12/05/2021; ResponseTime:25.422 ms
Method:GET; URL:/; Status:200; Message:OK; DateTime:h12/05/2021; ResponseTime:30.182 ms
Method:GET; URL:/; Status:304; Message:Not Modified; DateTime:h12/05/2021; ResponseTime:46.507 ms
Method:GET; URL:/; Status:500; Message:Internal Server Error; DateTime:h12/05/2021; ResponseTime:14.007 ms
Method:GET; URL:/; Status:200; Message:OK; DateTime:h12/05/2021; ResponseTime:24.780 ms
Method:GET; URL:/rgb; Status:404; Message:Not Found; DateTime:h12/05/2021; ResponseTime:4.233 ms
Method:GET; URL:/vendor/fontawesome-free/css/all.min.css; Status:404; Message:Not Found; DateTime:h12/05/2021; ResponseTime:0.432 ms
Method:GET; URL:/css/sb-admin-2.min.css; Status:404; Message:Not Found; DateTime:h12/05/2021; ResponseTime:0.341 ms
Method:GET; URL:/css/bootstrap4-toggle.min.css; Status:404; Message:Not Found; DateTime:h12/05/2021; ResponseTime:0.519 ms
Method:GET; URL:/img/undraw_profile.svg; Status:404; Message:Not Found; DateTime:h12/05/2021; ResponseTime:0.893 ms
Method:GET; URL:/img/undraw_posting_photo.svg; Status:404; Message:Not Found; DateTime:h12/05/2021; ResponseTime:0.402 ms
Method:GET; URL:/socket.io/?EIO=3&transport=polling&t=NbWl6wV; Status:404; Message:Not Found; DateTime:h12/05/2021; ResponseTime:0.657 ms
Method:GET; URL:/socket.io/?EIO=3&transport=polling&t=NbWl7vq; Status:404; Message:Not Found; DateTime:h12/05/2021; ResponseTime:0.527 ms
Method:GET; URL:/socket.io/?EIO=3&transport=polling&t=NbWl8eo; Status:404; Message:Not Found; DateTime:h12/05/2021; ResponseTime:0.419 ms
Method:GET; URL:/socket.io/?EIO=3&transport=polling&t=NbWl9fl; Status:404; Message:Not Found; DateTime:h12/05/2021; ResponseTime:0.276 ms
Method:GET; URL:/socket.io/?EIO=3&transport=polling&t=NbWlB8p; Status:404; Message:Not Found; DateTime:h12/05/2021; ResponseTime:5.852 ms
Method:GET; URL:/; Status:304; Message:Not Modified; DateTime:h12/05/2021; ResponseTime:28.531 ms
Method:GET; URL:/socket.io/?EIO=3&transport=polling&t=NbWlCf1; Status:404; Message:Not Found; DateTime:h12/05/2021; ResponseTime:0.404 ms
Method:GET; URL:/socket.io/?EIO=3&transport=polling&t=NbWlE73; Status:404; Message:Not Found; DateTime:h12/05/2021; ResponseTime:0.360 ms
Method:GET; URL:/socket.io/?EIO=3&transport=polling&t=NbWlFbs; Status:404; Message:Not Found; DateTime:h12/05/2021; ResponseTime:0.221 ms
Method:GET; URL:/socket.io/?EIO=3&transport=polling&t=NbWlH3y; Status:404; Message:Not Found; DateTime:h12/05/2021; ResponseTime:0.337 ms
Method:GET; URL:/; Status:304; Message:Not Modified; DateTime:h12/05/2021; ResponseTime:32.624 ms
Method:GET; URL:/socket.io/?EIO=3&transport=polling&t=NbWlJdB; Status:404; Message:Not Found; DateTime:h12/05/2021; ResponseTime:1.862 ms
Method:GET; URL:/; Status:200; Message:OK; DateTime:h12/05/2021; ResponseTime:29.122 ms
Method:GET; URL:/socket.io/?EIO=3&transport=polling&t=NbWlL5o; Status:404; Message:Not Found; DateTime:h12/05/2021; ResponseTime:6.838 ms
Method:GET; URL:/; Status:200; Message:OK; DateTime:h12/05/2021; ResponseTime:35.938 ms
Method:GET; URL:/socket.io/?EIO=3&transport=polling&t=NbWlQYJ; Status:404; Message:Not Found; DateTime:h12/05/2021; ResponseTime:2.090 ms
Method:GET; URL:/; Status:200; Message:OK; DateTime:h12/05/2021; ResponseTime:26.861 ms
Method:GET; URL:/socket.io/?EIO=3&transport=polling&t=NbWlSq1; Status:404; Message:Not Found; DateTime:h12/05/2021; ResponseTime:2.055 ms
Method:GET; URL:/; Status:304; Message:Not Modified; DateTime:h12/05/2021; ResponseTime:27.007 ms
Method:GET; URL:/socket.io/?EIO=3&transport=polling&t=NbWlUM8; Status:404; Message:Not Found; DateTime:h12/05/2021; ResponseTime:3.348 ms
Method:GET; URL:/socket.io/?EIO=3&transport=polling&t=NbWlVuC; Status:404; Message:Not Found; DateTime:h12/05/2021; ResponseTime:0.369 ms
Method:GET; URL:/socket.io/?EIO=3&transport=polling&t=NbWlXML; Status:404; Message:Not Found; DateTime:h12/05/2021; ResponseTime:0.405 ms
Method:GET; URL:/socket.io/?EIO=3&transport=polling&t=NbWlYqX; Status:404; Message:Not Found; DateTime:h12/05/2021; ResponseTime:0.376 ms
Method:GET; URL:/socket.io/?EIO=3&transport=polling&t=NbWlaIi; Status:404; Message:Not Found; DateTime:h12/05/2021; ResponseTime:0.266 ms
Method:GET; URL:/socket.io/?EIO=3&transport=polling&t=NbWlbmq; Status:404; Message:Not Found; DateTime:h12/05/2021; ResponseTime:0.423 ms
Method:GET; URL:/socket.io/?EIO=3&transport=polling&t=NbWldEu; Status:404; Message:Not Found; DateTime:h12/05/2021; ResponseTime:0.268 ms
Method:GET; URL:/socket.io/?EIO=3&transport=polling&t=NbWleno; Status:404; Message:Not Found; DateTime:h12/05/2021; ResponseTime:6.564 ms
Method:GET; URL:/socket.io/?EIO=3&transport=polling&t=NbWlgFj; Status:404; Message:Not Found; DateTime:h12/05/2021; ResponseTime:3.426 ms
Method:GET; URL:/socket.io/?EIO=3&transport=polling&t=NbWlhkM; Status:404; Message:Not Found; DateTime:h12/05/2021; ResponseTime:0.396 ms
Method:GET; URL:/socket.io/?EIO=3&transport=polling&t=NbWljCQ; Status:404; Message:Not Found; DateTime:h12/05/2021; ResponseTime:0.266 ms
Method:GET; URL:/socket.io/?EIO=3&transport=polling&t=NbWlkgS; Status:404; Message:Not Found; DateTime:h12/05/2021; ResponseTime:0.619 ms
Method:GET; URL:/socket.io/?EIO=3&transport=polling&t=NbWlm8Y; Status:404; Message:Not Found; DateTime:h12/05/2021; ResponseTime:0.249 ms
Method:GET; URL:/socket.io/?EIO=3&transport=polling&t=NbWlncY; Status:404; Message:Not Found; DateTime:h12/05/2021; ResponseTime:0.301 ms
Method:GET; URL:/socket.io/?EIO=3&transport=polling&t=NbWlp5B; Status:404; Message:Not Found; DateTime:h12/05/2021; ResponseTime:5.787 ms
Method:GET; URL:/socket.io/?EIO=3&transport=polling&t=NbWlqZj; Status:404; Message:Not Found; DateTime:h12/05/2021; ResponseTime:0.439 ms
Method:GET; URL:/socket.io/?EIO=3&transport=polling&t=NbWls1u; Status:404; Message:Not Found; DateTime:h12/05/2021; ResponseTime:0.409 ms
Method:GET; URL:/socket.io/?EIO=3&transport=polling&t=NbWltW4; Status:404; Message:Not Found; DateTime:h12/05/2021; ResponseTime:0.429 ms
Method:GET; URL:/socket.io/?EIO=3&transport=polling&t=NbWlu-D; Status:404; Message:Not Found; DateTime:h12/05/2021; ResponseTime:0.236 ms
Method:GET; URL:/socket.io/?EIO=3&transport=polling&t=NbWlwSL; Status:404; Message:Not Found; DateTime:h12/05/2021; ResponseTime:0.377 ms
Method:GET; URL:/socket.io/?EIO=3&transport=polling&t=NbWlxwj; Status:404; Message:Not Found; DateTime:h12/05/2021; ResponseTime:3.341 ms
Method:GET; URL:/socket.io/?EIO=3&transport=polling&t=NbWlzP1; Status:404; Message:Not Found; DateTime:h12/05/2021; ResponseTime:0.373 ms
Method:GET; URL:/socket.io/?EIO=3&transport=polling&t=NbWl_95; Status:404; Message:Not Found; DateTime:h12/05/2021; ResponseTime:4.634 ms
Method:GET; URL:/socket.io/?EIO=3&transport=polling&t=NbWm0dW; Status:404; Message:Not Found; DateTime:h12/05/2021; ResponseTime:0.616 ms
Method:GET; URL:/socket.io/?EIO=3&transport=polling&t=NbWm25y; Status:404; Message:Not Found; DateTime:h12/05/2021; ResponseTime:5.913 ms
Method:GET; URL:/socket.io/?EIO=3&transport=polling&t=NbWm3cp; Status:404; Message:Not Found; DateTime:h12/05/2021; ResponseTime:0.402 ms
Method:GET; URL:/socket.io/?EIO=3&transport=polling&t=NbWm54-; Status:404; Message:Not Found; DateTime:h12/05/2021; ResponseTime:0.489 ms
Method:GET; URL:/socket.io/?EIO=3&transport=polling&t=NbWm6Z7; Status:404; Message:Not Found; DateTime:h12/05/2021; ResponseTime:0.251 ms
Method:GET; URL:/socket.io/?EIO=3&transport=polling&t=NbWm818; Status:404; Message:Not Found; DateTime:h12/05/2021; ResponseTime:0.239 ms
Method:GET; URL:/socket.io/?EIO=3&transport=polling&t=NbWm9Vf; Status:404; Message:Not Found; DateTime:h12/05/2021; ResponseTime:0.279 ms
Method:GET; URL:/socket.io/?EIO=3&transport=polling&t=NbWmA_U; Status:404; Message:Not Found; DateTime:h12/05/2021; ResponseTime:6.566 ms
Method:GET; URL:/socket.io/?EIO=3&transport=polling&t=NbWmCTI; Status:404; Message:Not Found; DateTime:h12/05/2021; ResponseTime:0.418 ms
Method:GET; URL:/socket.io/?EIO=3&transport=polling&t=NbWmDx6; Status:404; Message:Not Found; DateTime:h12/05/2021; ResponseTime:5.143 ms
Method:GET; URL:/socket.io/?EIO=3&transport=polling&t=NbWmFQG; Status:404; Message:Not Found; DateTime:h12/05/2021; ResponseTime:0.301 ms
Method:GET; URL:/socket.io/?EIO=3&transport=polling&t=NbWmGwB; Status:404; Message:Not Found; DateTime:h12/05/2021; ResponseTime:0.367 ms
Method:GET; URL:/socket.io/?EIO=3&transport=polling&t=NbWmIOG; Status:404; Message:Not Found; DateTime:h12/05/2021; ResponseTime:0.246 ms
Method:GET; URL:/socket.io/?EIO=3&transport=polling&t=NbWmJsH; Status:404; Message:Not Found; DateTime:h12/05/2021; ResponseTime:0.277 ms
Method:GET; URL:/socket.io/?EIO=3&transport=polling&t=NbWmLKG; Status:404; Message:Not Found; DateTime:h12/05/2021; ResponseTime:0.284 ms
Method:GET; URL:/socket.io/?EIO=3&transport=polling&t=NbWmMoU; Status:404; Message:Not Found; DateTime:h12/05/2021; ResponseTime:0.569 ms
Method:GET; URL:/socket.io/?EIO=3&transport=polling&t=NbWmOH4; Status:404; Message:Not Found; DateTime:h12/05/2021; ResponseTime:0.271 ms
Method:GET; URL:/socket.io/?EIO=3&transport=polling&t=NbWmPlC; Status:404; Message:Not Found; DateTime:h12/05/2021; ResponseTime:0.495 ms
Method:GET; URL:/socket.io/?EIO=3&transport=polling&t=NbWmRFs; Status:404; Message:Not Found; DateTime:h12/05/2021; ResponseTime:0.306 ms
Method:GET; URL:/socket.io/?EIO=3&transport=polling&t=NbWmSjv; Status:404; Message:Not Found; DateTime:h12/05/2021; ResponseTime:0.302 ms
Method:GET; URL:/socket.io/?EIO=3&transport=polling&t=NbWmUB_; Status:404; Message:Not Found; DateTime:h12/05/2021; ResponseTime:0.205 ms
Method:GET; URL:/socket.io/?EIO=3&transport=polling&t=NbWmVk3; Status:404; Message:Not Found; DateTime:h12/05/2021; ResponseTime:0.234 ms
Method:GET; URL:/socket.io/?EIO=3&transport=polling&t=NbWmXCT; Status:404; Message:Not Found; DateTime:h12/05/2021; ResponseTime:0.358 ms
Method:GET; URL:/socket.io/?EIO=3&transport=polling&t=NbWmYgf; Status:404; Message:Not Found; DateTime:h12/05/2021; ResponseTime:0.206 ms
Method:GET; URL:/socket.io/?EIO=3&transport=polling&t=NbWma8i; Status:404; Message:Not Found; DateTime:h12/05/2021; ResponseTime:0.204 ms
Method:GET; URL:/socket.io/?EIO=3&transport=polling&t=NbWmbcn; Status:404; Message:Not Found; DateTime:h12/05/2021; ResponseTime:0.208 ms
Method:GET; URL:/socket.io/?EIO=3&transport=polling&t=NbWmd4p; Status:404; Message:Not Found; DateTime:h12/05/2021; ResponseTime:0.246 ms
Method:GET; URL:/socket.io/?EIO=3&transport=polling&t=NbWmeYr; Status:404; Message:Not Found; DateTime:h12/05/2021; ResponseTime:0.219 ms
Method:GET; URL:/socket.io/?EIO=3&transport=polling&t=NbWmg0u; Status:404; Message:Not Found; DateTime:h12/05/2021; ResponseTime:0.743 ms
Method:GET; URL:/socket.io/?EIO=3&transport=polling&t=NbWmhUu; Status:404; Message:Not Found; DateTime:h12/05/2021; ResponseTime:0.194 ms
Method:GET; URL:/socket.io/?EIO=3&transport=polling&t=NbWmiys; Status:404; Message:Not Found; DateTime:h12/05/2021; ResponseTime:0.203 ms
Method:GET; URL:/socket.io/?EIO=3&transport=polling&t=NbWmkQw; Status:404; Message:Not Found; DateTime:h12/05/2021; ResponseTime:0.194 ms
Method:GET; URL:/socket.io/?EIO=3&transport=polling&t=NbWmlug; Status:404; Message:Not Found; DateTime:h12/05/2021; ResponseTime:0.191 ms
Method:GET; URL:/socket.io/?EIO=3&transport=polling&t=NbWmnMi; Status:404; Message:Not Found; DateTime:h12/05/2021; ResponseTime:0.231 ms
Method:GET; URL:/socket.io/?EIO=3&transport=polling&t=NbWmoub; Status:404; Message:Not Found; DateTime:h12/05/2021; ResponseTime:0.216 ms
Method:GET; URL:/socket.io/?EIO=3&transport=polling&t=NbWmqMR; Status:404; Message:Not Found; DateTime:h12/05/2021; ResponseTime:0.200 ms
Method:GET; URL:/socket.io/?EIO=3&transport=polling&t=NbWmrqP; Status:404; Message:Not Found; DateTime:h12/05/2021; ResponseTime:0.215 ms
Method:GET; URL:/socket.io/?EIO=3&transport=polling&t=NbWmtIE; Status:404; Message:Not Found; DateTime:h12/05/2021; ResponseTime:0.204 ms
Method:GET; URL:/socket.io/?EIO=3&transport=polling&t=NbWmu_r; Status:404; Message:Not Found; DateTime:h12/05/2021; ResponseTime:0.391 ms
Method:GET; URL:/socket.io/?EIO=3&transport=polling&t=NbWmwVO; Status:404; Message:Not Found; DateTime:h12/05/2021; ResponseTime:0.217 ms
Method:GET; URL:/socket.io/?EIO=3&transport=polling&t=NbWmxzB; Status:404; Message:Not Found; DateTime:h12/05/2021; ResponseTime:0.192 ms
Method:GET; URL:/socket.io/?EIO=3&transport=polling&t=NbWmzRD; Status:404; Message:Not Found; DateTime:h12/05/2021; ResponseTime:0.294 ms
Method:GET; URL:/socket.io/?EIO=3&transport=polling&t=NbWm-v2; Status:404; Message:Not Found; DateTime:h12/05/2021; ResponseTime:0.247 ms
Method:GET; URL:/socket.io/?EIO=3&transport=polling&t=NbWn0Ms; Status:404; Message:Not Found; DateTime:h12/05/2021; ResponseTime:0.223 ms
Method:GET; URL:/socket.io/?EIO=3&transport=polling&t=NbWn1qs; Status:404; Message:Not Found; DateTime:h12/05/2021; ResponseTime:0.224 ms
Method:GET; URL:/socket.io/?EIO=3&transport=polling&t=NbWn3If; Status:404; Message:Not Found; DateTime:h12/05/2021; ResponseTime:0.208 ms
Method:GET; URL:/socket.io/?EIO=3&transport=polling&t=NbWn4mh; Status:404; Message:Not Found; DateTime:h12/05/2021; ResponseTime:0.970 ms
Method:GET; URL:/socket.io/?EIO=3&transport=polling&t=NbWn6Il; Status:404; Message:Not Found; DateTime:h12/05/2021; ResponseTime:0.306 ms
Method:GET; URL:/socket.io/?EIO=3&transport=polling&t=NbWn7pV; Status:404; Message:Not Found; DateTime:h12/05/2021; ResponseTime:0.181 ms
Method:GET; URL:/socket.io/?EIO=3&transport=polling&t=NbWn9HZ; Status:404; Message:Not Found; DateTime:h12/05/2021; ResponseTime:0.207 ms
Method:GET; URL:/socket.io/?EIO=3&transport=polling&t=NbWnAli; Status:404; Message:Not Found; DateTime:h12/05/2021; ResponseTime:0.204 ms
Method:GET; URL:/socket.io/?EIO=3&transport=polling&t=NbWnCDn; Status:404; Message:Not Found; DateTime:h12/05/2021; ResponseTime:0.188 ms
Method:GET; URL:/socket.io/?EIO=3&transport=polling&t=NbWnDhl; Status:404; Message:Not Found; DateTime:h12/05/2021; ResponseTime:0.246 ms
Method:GET; URL:/socket.io/?EIO=3&transport=polling&t=NbWnF9q; Status:404; Message:Not Found; DateTime:h12/05/2021; ResponseTime:0.191 ms
Method:GET; URL:/socket.io/?EIO=3&transport=polling&t=NbWnGds; Status:404; Message:Not Found; DateTime:h12/05/2021; ResponseTime:0.223 ms
Method:GET; URL:/socket.io/?EIO=3&transport=polling&t=NbWnI5r; Status:404; Message:Not Found; DateTime:h12/05/2021; ResponseTime:0.186 ms
Method:GET; URL:/socket.io/?EIO=3&transport=polling&t=NbWnJZs; Status:404; Message:Not Found; DateTime:h12/05/2021; ResponseTime:0.643 ms
Method:GET; URL:/socket.io/?EIO=3&transport=polling&t=NbWnL1i; Status:404; Message:Not Found; DateTime:h12/05/2021; ResponseTime:0.270 ms
Method:GET; URL:/socket.io/?EIO=3&transport=polling&t=NbWnMVn; Status:404; Message:Not Found; DateTime:h12/05/2021; ResponseTime:0.185 ms
Method:GET; URL:/socket.io/?EIO=3&transport=polling&t=NbWnNzm; Status:404; Message:Not Found; DateTime:h12/05/2021; ResponseTime:0.183 ms
Method:GET; URL:/socket.io/?EIO=3&transport=polling&t=NbWnPRb; Status:404; Message:Not Found; DateTime:h12/05/2021; ResponseTime:0.170 ms
Method:GET; URL:/socket.io/?EIO=3&transport=polling&t=NbWnQvd; Status:404; Message:Not Found; DateTime:h12/05/2021; ResponseTime:0.185 ms
Method:GET; URL:/socket.io/?EIO=3&transport=polling&t=NbWnSNf; Status:404; Message:Not Found; DateTime:h12/05/2021; ResponseTime:0.261 ms
Method:GET; URL:/socket.io/?EIO=3&transport=polling&t=NbWnTrh; Status:404; Message:Not Found; DateTime:h12/05/2021; ResponseTime:0.216 ms
Method:GET; URL:/socket.io/?EIO=3&transport=polling&t=NbWnVJj; Status:404; Message:Not Found; DateTime:h12/05/2021; ResponseTime:0.188 ms
Method:GET; URL:/socket.io/?EIO=3&transport=polling&t=NbWnWnl; Status:404; Message:Not Found; DateTime:h12/05/2021; ResponseTime:0.182 ms
Method:GET; URL:/socket.io/?EIO=3&transport=polling&t=NbWnYFo; Status:404; Message:Not Found; DateTime:h12/05/2021; ResponseTime:0.204 ms
Method:GET; URL:/socket.io/?EIO=3&transport=polling&t=NbWnZjm; Status:404; Message:Not Found; DateTime:h12/05/2021; ResponseTime:0.182 ms
Method:GET; URL:/socket.io/?EIO=3&transport=polling&t=NbWnbBm; Status:404; Message:Not Found; DateTime:h12/05/2021; ResponseTime:0.187 ms
Method:GET; URL:/socket.io/?EIO=3&transport=polling&t=NbWncfq; Status:404; Message:Not Found; DateTime:h12/05/2021; ResponseTime:0.218 ms
Method:GET; URL:/socket.io/?EIO=3&transport=polling&t=NbWne7r; Status:404; Message:Not Found; DateTime:h12/05/2021; ResponseTime:0.185 ms
Method:GET; URL:/socket.io/?EIO=3&transport=polling&t=NbWnfbt; Status:404; Message:Not Found; DateTime:h12/05/2021; ResponseTime:0.201 ms
Method:GET; URL:/socket.io/?EIO=3&transport=polling&t=NbWnh3v; Status:404; Message:Not Found; DateTime:h12/05/2021; ResponseTime:0.186 ms
Method:GET; URL:/socket.io/?EIO=3&transport=polling&t=NbWniXw; Status:404; Message:Not Found; DateTime:h12/05/2021; ResponseTime:0.308 ms
Method:GET; URL:/socket.io/?EIO=3&transport=polling&t=NbWnj_y; Status:404; Message:Not Found; DateTime:h12/05/2021; ResponseTime:0.291 ms
Method:GET; URL:/socket.io/?EIO=3&transport=polling&t=NbWnlUH; Status:404; Message:Not Found; DateTime:h12/05/2021; ResponseTime:0.377 ms
Method:GET; URL:/socket.io/?EIO=3&transport=polling&t=NbWnodL; Status:404; Message:Not Found; DateTime:h12/05/2021; ResponseTime:0.252 ms
Method:GET; URL:/socket.io/?EIO=3&transport=polling&t=NbWnq5Q; Status:404; Message:Not Found; DateTime:h12/05/2021; ResponseTime:0.239 ms
Method:GET; URL:/socket.io/?EIO=3&transport=polling&t=NbWnrZS; Status:404; Message:Not Found; DateTime:h12/05/2021; ResponseTime:0.255 ms
Method:GET; URL:/socket.io/?EIO=3&transport=polling&t=NbWnt1X; Status:404; Message:Not Found; DateTime:h12/05/2021; ResponseTime:0.186 ms
Method:GET; URL:/socket.io/?EIO=3&transport=polling&t=NbWnuVb; Status:404; Message:Not Found; DateTime:h12/05/2021; ResponseTime:0.191 ms
Method:GET; URL:/socket.io/?EIO=3&transport=polling&t=NbWnvzr; Status:404; Message:Not Found; DateTime:h12/05/2021; ResponseTime:0.191 ms
Method:GET; URL:/socket.io/?EIO=3&transport=polling&t=NbWnxRt; Status:404; Message:Not Found; DateTime:h12/05/2021; ResponseTime:0.212 ms
Method:GET; URL:/socket.io/?EIO=3&transport=polling&t=NbWnyvs; Status:404; Message:Not Found; DateTime:h12/05/2021; ResponseTime:0.197 ms
Method:GET; URL:/socket.io/?EIO=3&transport=polling&t=NbWn-Nt; Status:404; Message:Not Found; DateTime:h12/05/2021; ResponseTime:0.178 ms
Method:GET; URL:/socket.io/?EIO=3&transport=polling&t=NbWn_rx; Status:404; Message:Not Found; DateTime:h12/05/2021; ResponseTime:0.203 ms
Method:GET; URL:/socket.io/?EIO=3&transport=polling&t=NbWo1J_; Status:404; Message:Not Found; DateTime:h12/05/2021; ResponseTime:0.194 ms
Method:GET; URL:/socket.io/?EIO=3&transport=polling&t=NbWo2nr; Status:404; Message:Not Found; DateTime:h12/05/2021; ResponseTime:0.189 ms
Method:GET; URL:/socket.io/?EIO=3&transport=polling&t=NbWo4Fs; Status:404; Message:Not Found; DateTime:h12/05/2021; ResponseTime:0.222 ms
Method:GET; URL:/socket.io/?EIO=3&transport=polling&t=NbWo5ju; Status:404; Message:Not Found; DateTime:h12/05/2021; ResponseTime:0.195 ms
Method:GET; URL:/socket.io/?EIO=3&transport=polling&t=NbWo7Bi; Status:404; Message:Not Found; DateTime:h12/05/2021; ResponseTime:0.247 ms
Method:GET; URL:/socket.io/?EIO=3&transport=polling&t=NbWo8fk; Status:404; Message:Not Found; DateTime:h12/05/2021; ResponseTime:0.173 ms
Method:GET; URL:/socket.io/?EIO=3&transport=polling&t=NbWoA7o; Status:404; Message:Not Found; DateTime:h12/05/2021; ResponseTime:0.189 ms
Method:GET; URL:/socket.io/?EIO=3&transport=polling&t=NbWoBbq; Status:404; Message:Not Found; DateTime:h12/05/2021; ResponseTime:0.184 ms
Method:GET; URL:/socket.io/?EIO=3&transport=polling&t=NbWoD3r; Status:404; Message:Not Found; DateTime:h12/05/2021; ResponseTime:0.304 ms
Method:GET; URL:/socket.io/?EIO=3&transport=polling&t=NbWoEXs; Status:404; Message:Not Found; DateTime:h12/05/2021; ResponseTime:0.201 ms
Method:GET; URL:/socket.io/?EIO=3&transport=polling&t=NbWoF_u; Status:404; Message:Not Found; DateTime:h12/05/2021; ResponseTime:0.235 ms
Method:GET; URL:/socket.io/?EIO=3&transport=polling&t=NbWoHTx; Status:404; Message:Not Found; DateTime:h12/05/2021; ResponseTime:0.188 ms
Method:GET; URL:/socket.io/?EIO=3&transport=polling&t=NbWoIxy; Status:404; Message:Not Found; DateTime:h12/05/2021; ResponseTime:0.267 ms
Method:GET; URL:/socket.io/?EIO=3&transport=polling&t=NbWoKPo; Status:404; Message:Not Found; DateTime:h12/05/2021; ResponseTime:0.281 ms
Method:GET; URL:/socket.io/?EIO=3&transport=polling&t=NbWoLtf; Status:404; Message:Not Found; DateTime:h12/05/2021; ResponseTime:0.191 ms
Method:GET; URL:/socket.io/?EIO=3&transport=polling&t=NbWoNLl; Status:404; Message:Not Found; DateTime:h12/05/2021; ResponseTime:0.180 ms
Method:GET; URL:/socket.io/?EIO=3&transport=polling&t=NbWoOpl; Status:404; Message:Not Found; DateTime:h12/05/2021; ResponseTime:0.674 ms
Method:GET; URL:/socket.io/?EIO=3&transport=polling&t=NbWoQHx; Status:404; Message:Not Found; DateTime:h12/05/2021; ResponseTime:0.188 ms
Method:GET; URL:/socket.io/?EIO=3&transport=polling&t=NbWoRmq; Status:404; Message:Not Found; DateTime:h12/05/2021; ResponseTime:0.200 ms
Method:GET; URL:/socket.io/?EIO=3&transport=polling&t=NbWoTEq; Status:404; Message:Not Found; DateTime:h12/05/2021; ResponseTime:0.203 ms
Method:GET; URL:/socket.io/?EIO=3&transport=polling&t=NbWoUir; Status:404; Message:Not Found; DateTime:h12/05/2021; ResponseTime:0.248 ms
Method:GET; URL:/socket.io/?EIO=3&transport=polling&t=NbWoWA_; Status:404; Message:Not Found; DateTime:h12/05/2021; ResponseTime:0.200 ms
Method:GET; URL:/socket.io/?EIO=3&transport=polling&t=NbWoXf0; Status:404; Message:Not Found; DateTime:h12/05/2021; ResponseTime:0.185 ms
Method:GET; URL:/socket.io/?EIO=3&transport=polling&t=NbWoZAF; Status:404; Message:Not Found; DateTime:h12/05/2021; ResponseTime:0.316 ms
Method:GET; URL:/socket.io/?EIO=3&transport=polling&t=NbWoaeK; Status:404; Message:Not Found; DateTime:h12/05/2021; ResponseTime:3.887 ms
Method:GET; URL:/socket.io/?EIO=3&transport=polling&t=NbWoc6g; Status:404; Message:Not Found; DateTime:h12/05/2021; ResponseTime:0.378 ms
Method:GET; URL:/socket.io/?EIO=3&transport=polling&t=NbWojih; Status:404; Message:Not Found; DateTime:h12/05/2021; ResponseTime:8.473 ms
Method:GET; URL:/socket.io/?EIO=3&transport=polling&t=NbWolAb; Status:404; Message:Not Found; DateTime:h12/05/2021; ResponseTime:0.444 ms
Method:GET; URL:/socket.io/?EIO=3&transport=polling&t=NbWomef; Status:404; Message:Not Found; DateTime:h12/05/2021; ResponseTime:0.389 ms
Method:GET; URL:/socket.io/?EIO=3&transport=polling&t=NbWoo6j; Status:404; Message:Not Found; DateTime:h12/05/2021; ResponseTime:0.351 ms
Method:GET; URL:/socket.io/?EIO=3&transport=polling&t=NbWopbY; Status:404; Message:Not Found; DateTime:h12/05/2021; ResponseTime:0.245 ms
Method:GET; URL:/socket.io/?EIO=3&transport=polling&t=NbWor3d; Status:404; Message:Not Found; DateTime:h12/05/2021; ResponseTime:0.308 ms
Method:GET; URL:/socket.io/?EIO=3&transport=polling&t=NbWosXi; Status:404; Message:Not Found; DateTime:h12/05/2021; ResponseTime:0.266 ms
Method:GET; URL:/socket.io/?EIO=3&transport=polling&t=NbWouRE; Status:404; Message:Not Found; DateTime:h12/05/2021; ResponseTime:5.580 ms
Method:GET; URL:/socket.io/?EIO=3&transport=polling&t=NbWovv1; Status:404; Message:Not Found; DateTime:h12/05/2021; ResponseTime:0.366 ms
Method:GET; URL:/socket.io/?EIO=3&transport=polling&t=NbWoxN0; Status:404; Message:Not Found; DateTime:h12/05/2021; ResponseTime:0.330 ms
Method:GET; URL:/socket.io/?EIO=3&transport=polling&t=NbWoyr8; Status:404; Message:Not Found; DateTime:h12/05/2021; ResponseTime:0.243 ms
Method:GET; URL:/socket.io/?EIO=3&transport=polling&t=NbWo-JA; Status:404; Message:Not Found; DateTime:h12/05/2021; ResponseTime:0.242 ms
Method:GET; URL:/socket.io/?EIO=3&transport=polling&t=NbWo_nB; Status:404; Message:Not Found; DateTime:h12/05/2021; ResponseTime:0.282 ms
Method:GET; URL:/socket.io/?EIO=3&transport=polling&t=NbWp1FB; Status:404; Message:Not Found; DateTime:h12/05/2021; ResponseTime:0.304 ms
Method:GET; URL:/socket.io/?EIO=3&transport=polling&t=NbWp2j2; Status:404; Message:Not Found; DateTime:h12/05/2021; ResponseTime:0.248 ms
Method:GET; URL:/socket.io/?EIO=3&transport=polling&t=NbWp4B1; Status:404; Message:Not Found; DateTime:h12/05/2021; ResponseTime:0.462 ms
Method:GET; URL:/socket.io/?EIO=3&transport=polling&t=NbWp5f0; Status:404; Message:Not Found; DateTime:h12/05/2021; ResponseTime:0.222 ms
Method:GET; URL:/socket.io/?EIO=3&transport=polling&t=NbWp773; Status:404; Message:Not Found; DateTime:h12/05/2021; ResponseTime:0.225 ms
Method:GET; URL:/socket.io/?EIO=3&transport=polling&t=NbWp8b4; Status:404; Message:Not Found; DateTime:h12/05/2021; ResponseTime:0.205 ms
Method:GET; URL:/socket.io/?EIO=3&transport=polling&t=NbWpA36; Status:404; Message:Not Found; DateTime:h12/05/2021; ResponseTime:0.211 ms
Method:GET; URL:/socket.io/?EIO=3&transport=polling&t=NbWpBXB; Status:404; Message:Not Found; DateTime:h12/05/2021; ResponseTime:0.224 ms
Method:GET; URL:/socket.io/?EIO=3&transport=polling&t=NbWpC_N; Status:404; Message:Not Found; DateTime:h12/05/2021; ResponseTime:6.748 ms
Method:GET; URL:/socket.io/?EIO=3&transport=polling&t=NbWpF3P; Status:404; Message:Not Found; DateTime:h12/05/2021; ResponseTime:3.787 ms
Method:GET; URL:/socket.io/?EIO=3&transport=polling&t=NbWpGXg; Status:404; Message:Not Found; DateTime:h12/05/2021; ResponseTime:0.449 ms
Method:GET; URL:/socket.io/?EIO=3&transport=polling&t=NbWpH_k; Status:404; Message:Not Found; DateTime:h12/05/2021; ResponseTime:0.253 ms
Method:GET; URL:/socket.io/?EIO=3&transport=polling&t=NbWpJTj; Status:404; Message:Not Found; DateTime:h12/05/2021; ResponseTime:0.332 ms
Method:GET; URL:/socket.io/?EIO=3&transport=polling&t=NbWpKxl; Status:404; Message:Not Found; DateTime:h12/05/2021; ResponseTime:0.262 ms
Method:GET; URL:/socket.io/?EIO=3&transport=polling&t=NbWpMPo; Status:404; Message:Not Found; DateTime:h12/05/2021; ResponseTime:5.365 ms
Method:GET; URL:/socket.io/?EIO=3&transport=polling&t=NbWpNyQ; Status:404; Message:Not Found; DateTime:h12/05/2021; ResponseTime:0.555 ms
Method:GET; URL:/socket.io/?EIO=3&transport=polling&t=NbWpPQS; Status:404; Message:Not Found; DateTime:h12/05/2021; ResponseTime:0.378 ms
Method:GET; URL:/socket.io/?EIO=3&transport=polling&t=NbWpQ_W; Status:404; Message:Not Found; DateTime:h12/05/2021; ResponseTime:0.422 ms
Method:GET; URL:/socket.io/?EIO=3&transport=polling&t=NbWpSVZ; Status:404; Message:Not Found; DateTime:h12/05/2021; ResponseTime:0.246 ms
Method:GET; URL:/socket.io/?EIO=3&transport=polling&t=NbWpTzY; Status:404; Message:Not Found; DateTime:h12/05/2021; ResponseTime:0.267 ms
Method:GET; URL:/socket.io/?EIO=3&transport=polling&t=NbWpVUs; Status:404; Message:Not Found; DateTime:h12/05/2021; ResponseTime:0.282 ms
Method:GET; URL:/socket.io/?EIO=3&transport=polling&t=NbWpW-v; Status:404; Message:Not Found; DateTime:h12/05/2021; ResponseTime:0.462 ms
Method:GET; URL:/socket.io/?EIO=3&transport=polling&t=NbWpYWw; Status:404; Message:Not Found; DateTime:h12/05/2021; ResponseTime:0.257 ms
Method:GET; URL:/socket.io/?EIO=3&transport=polling&t=NbWpa0-; Status:404; Message:Not Found; DateTime:h12/05/2021; ResponseTime:0.222 ms
Method:GET; URL:/socket.io/?EIO=3&transport=polling&t=NbWpbU-; Status:404; Message:Not Found; DateTime:h12/05/2021; ResponseTime:0.252 ms
Method:GET; URL:/socket.io/?EIO=3&transport=polling&t=NbWpcyn; Status:404; Message:Not Found; DateTime:h12/05/2021; ResponseTime:0.247 ms
Method:GET; URL:/socket.io/?EIO=3&transport=polling&t=NbWpeQq; Status:404; Message:Not Found; DateTime:h12/05/2021; ResponseTime:0.193 ms
Method:GET; URL:/socket.io/?EIO=3&transport=polling&t=NbWpfup; Status:404; Message:Not Found; DateTime:h12/05/2021; ResponseTime:0.279 ms
Method:GET; URL:/socket.io/?EIO=3&transport=polling&t=NbWphMr; Status:404; Message:Not Found; DateTime:h12/05/2021; ResponseTime:0.214 ms
Method:GET; URL:/socket.io/?EIO=3&transport=polling&t=NbWpiqh; Status:404; Message:Not Found; DateTime:h12/05/2021; ResponseTime:0.206 ms
Method:GET; URL:/socket.io/?EIO=3&transport=polling&t=NbWpkIh; Status:404; Message:Not Found; DateTime:h12/05/2021; ResponseTime:0.337 ms
Method:GET; URL:/socket.io/?EIO=3&transport=polling&t=NbWpltt; Status:404; Message:Not Found; DateTime:h12/05/2021; ResponseTime:0.223 ms
Method:GET; URL:/socket.io/?EIO=3&transport=polling&t=NbWpnLv; Status:404; Message:Not Found; DateTime:h12/05/2021; ResponseTime:0.219 ms
Method:GET; URL:/socket.io/?EIO=3&transport=polling&t=NbWpopk; Status:404; Message:Not Found; DateTime:h12/05/2021; ResponseTime:0.242 ms
Method:GET; URL:/socket.io/?EIO=3&transport=polling&t=NbWpqHm; Status:404; Message:Not Found; DateTime:h12/05/2021; ResponseTime:0.221 ms
Method:GET; URL:/socket.io/?EIO=3&transport=polling&t=NbWprlq; Status:404; Message:Not Found; DateTime:h12/05/2021; ResponseTime:0.204 ms
Method:GET; URL:/socket.io/?EIO=3&transport=polling&t=NbWptDe; Status:404; Message:Not Found; DateTime:h12/05/2021; ResponseTime:0.208 ms
Method:GET; URL:/socket.io/?EIO=3&transport=polling&t=NbWpuhg; Status:404; Message:Not Found; DateTime:h12/05/2021; ResponseTime:0.207 ms
Method:GET; URL:/socket.io/?EIO=3&transport=polling&t=NbWpw9k; Status:404; Message:Not Found; DateTime:h12/05/2021; ResponseTime:0.384 ms
Method:GET; URL:/socket.io/?EIO=3&transport=polling&t=NbWpxdl; Status:404; Message:Not Found; DateTime:h12/05/2021; ResponseTime:0.284 ms
Method:GET; URL:/socket.io/?EIO=3&transport=polling&t=NbWpz5Z; Status:404; Message:Not Found; DateTime:h12/05/2021; ResponseTime:0.200 ms
Method:GET; URL:/socket.io/?EIO=3&transport=polling&t=NbWp-Za; Status:404; Message:Not Found; DateTime:h12/05/2021; ResponseTime:0.195 ms
Method:GET; URL:/socket.io/?EIO=3&transport=polling&t=NbWq01b; Status:404; Message:Not Found; DateTime:h12/05/2021; ResponseTime:0.193 ms
Method:GET; URL:/socket.io/?EIO=3&transport=polling&t=NbWq1Ve; Status:404; Message:Not Found; DateTime:h12/05/2021; ResponseTime:0.190 ms
Method:GET; URL:/socket.io/?EIO=3&transport=polling&t=NbWq2zi; Status:404; Message:Not Found; DateTime:h12/05/2021; ResponseTime:0.199 ms
Method:GET; URL:/socket.io/?EIO=3&transport=polling&t=NbWq4Rj; Status:404; Message:Not Found; DateTime:h12/05/2021; ResponseTime:0.182 ms
Method:GET; URL:/socket.io/?EIO=3&transport=polling&t=NbWq5vm; Status:404; Message:Not Found; DateTime:h12/05/2021; ResponseTime:0.231 ms
Method:GET; URL:/socket.io/?EIO=3&transport=polling&t=NbWq7Ns; Status:404; Message:Not Found; DateTime:h12/05/2021; ResponseTime:0.198 ms
Method:GET; URL:/socket.io/?EIO=3&transport=polling&t=NbWq8rx; Status:404; Message:Not Found; DateTime:h12/05/2021; ResponseTime:0.206 ms
Method:GET; URL:/socket.io/?EIO=3&transport=polling&t=NbWqAJ-; Status:404; Message:Not Found; DateTime:h12/05/2021; ResponseTime:0.186 ms
Method:GET; URL:/socket.io/?EIO=3&transport=polling&t=NbWqBo0; Status:404; Message:Not Found; DateTime:h12/05/2021; ResponseTime:0.376 ms
Method:GET; URL:/socket.io/?EIO=3&transport=polling&t=NbWqDG1; Status:404; Message:Not Found; DateTime:h12/05/2021; ResponseTime:0.819 ms
Method:GET; URL:/socket.io/?EIO=3&transport=polling&t=NbWqEkE; Status:404; Message:Not Found; DateTime:h12/05/2021; ResponseTime:0.206 ms
Method:GET; URL:/socket.io/?EIO=3&transport=polling&t=NbWqFyg; Status:404; Message:Not Found; DateTime:h12/05/2021; ResponseTime:0.224 ms
Method:GET; URL:/socket.io/?EIO=3&transport=polling&t=NbWqHB3; Status:404; Message:Not Found; DateTime:h12/05/2021; ResponseTime:0.340 ms
Method:GET; URL:/socket.io/?EIO=3&transport=polling&t=NbWqIPU; Status:404; Message:Not Found; DateTime:h12/05/2021; ResponseTime:0.196 ms
Method:GET; URL:/socket.io/?EIO=3&transport=polling&t=NbWqJdp; Status:404; Message:Not Found; DateTime:h12/05/2021; ResponseTime:0.313 ms
Method:GET; URL:/socket.io/?EIO=3&transport=polling&t=NbWqKsB; Status:404; Message:Not Found; DateTime:h12/05/2021; ResponseTime:0.183 ms
Method:GET; URL:/socket.io/?EIO=3&transport=polling&t=NbWqM4X; Status:404; Message:Not Found; DateTime:h12/05/2021; ResponseTime:0.183 ms
Method:GET; URL:/socket.io/?EIO=3&transport=polling&t=NbWqNIu; Status:404; Message:Not Found; DateTime:h12/05/2021; ResponseTime:0.189 ms
Method:GET; URL:/socket.io/?EIO=3&transport=polling&t=NbWqOXF; Status:404; Message:Not Found; DateTime:h12/05/2021; ResponseTime:0.187 ms
Method:GET; URL:/socket.io/?EIO=3&transport=polling&t=NbWqPlZ; Status:404; Message:Not Found; DateTime:h12/05/2021; ResponseTime:0.674 ms
Method:GET; URL:/socket.io/?EIO=3&transport=polling&t=NbWqQzx; Status:404; Message:Not Found; DateTime:h12/05/2021; ResponseTime:0.200 ms
Method:GET; URL:/socket.io/?EIO=3&transport=polling&t=NbWqSCH; Status:404; Message:Not Found; DateTime:h12/05/2021; ResponseTime:0.245 ms
Method:GET; URL:/socket.io/?EIO=3&transport=polling&t=NbWqTQb; Status:404; Message:Not Found; DateTime:h12/05/2021; ResponseTime:0.188 ms
Method:GET; URL:/api/recipes?search=pasta&number=5; Status:401; Message:Unauthorized; DateTime:h12/05/2021; ResponseTime:11.231 ms
Method:GET; URL:/socket.io/?EIO=3&transport=polling&t=NbWqUey; Status:404; Message:Not Found; DateTime:h12/05/2021; ResponseTime:0.189 ms
Method:GET; URL:/socket.io/?EIO=3&transport=polling&t=NbWqVtH; Status:404; Message:Not Found; DateTime:h12/05/2021; ResponseTime:0.204 ms
Method:GET; URL:/socket.io/?EIO=3&transport=polling&t=NbWqX5f; Status:404; Message:Not Found; DateTime:h12/05/2021; ResponseTime:0.225 ms
Method:GET; URL:/socket.io/?EIO=3&transport=polling&t=NbWqYJ-; Status:404; Message:Not Found; DateTime:h12/05/2021; ResponseTime:0.200 ms
Method:GET; URL:/socket.io/?EIO=3&transport=polling&t=NbWqZYJ; Status:404; Message:Not Found; DateTime:h12/05/2021; ResponseTime:0.177 ms
Method:GET; URL:/socket.io/?EIO=3&transport=polling&t=NbWqame; Status:404; Message:Not Found; DateTime:h12/05/2021; ResponseTime:0.305 ms
Method:GET; URL:/socket.io/?EIO=3&transport=polling&t=NbWqb-_; Status:404; Message:Not Found; DateTime:h12/05/2021; ResponseTime:0.193 ms
Method:GET; URL:/socket.io/?EIO=3&transport=polling&t=NbWqdDJ; Status:404; Message:Not Found; DateTime:h12/05/2021; ResponseTime:0.194 ms
Method:GET; URL:/socket.io/?EIO=3&transport=polling&t=NbWqeRf; Status:404; Message:Not Found; DateTime:h12/05/2021; ResponseTime:0.195 ms
Method:GET; URL:/socket.io/?EIO=3&transport=polling&t=NbWqffz; Status:404; Message:Not Found; DateTime:h12/05/2021; ResponseTime:0.196 ms
Method:GET; URL:/socket.io/?EIO=3&transport=polling&t=NbWqguM; Status:404; Message:Not Found; DateTime:h12/05/2021; ResponseTime:0.189 ms
Method:GET; URL:/socket.io/?EIO=3&transport=polling&t=NbWqi6i; Status:404; Message:Not Found; DateTime:h12/05/2021; ResponseTime:0.236 ms
Method:GET; URL:/socket.io/?EIO=3&transport=polling&t=NbWqjL5; Status:404; Message:Not Found; DateTime:h12/05/2021; ResponseTime:0.275 ms
Method:GET; URL:/socket.io/?EIO=3&transport=polling&t=NbWqkZX; Status:404; Message:Not Found; DateTime:h12/05/2021; ResponseTime:0.253 ms
Method:GET; URL:/socket.io/?EIO=3&transport=polling&t=NbWqlnu; Status:404; Message:Not Found; DateTime:h12/05/2021; ResponseTime:0.181 ms
Method:GET; URL:/socket.io/?EIO=3&transport=polling&t=NbWqn0D; Status:404; Message:Not Found; DateTime:h12/05/2021; ResponseTime:0.184 ms
Method:GET; URL:/socket.io/?EIO=3&transport=polling&t=NbWqoEY; Status:404; Message:Not Found; DateTime:h12/05/2021; ResponseTime:0.203 ms
Method:GET; URL:/socket.io/?EIO=3&transport=polling&t=NbWqpSu; Status:404; Message:Not Found; DateTime:h12/05/2021; ResponseTime:0.194 ms
Method:GET; URL:/socket.io/?EIO=3&transport=polling&t=NbWqqhF; Status:404; Message:Not Found; DateTime:h12/05/2021; ResponseTime:0.171 ms
Method:GET; URL:/socket.io/?EIO=3&transport=polling&t=NbWqrvb; Status:404; Message:Not Found; DateTime:h12/05/2021; ResponseTime:0.223 ms
Method:GET; URL:/socket.io/?EIO=3&transport=polling&t=NbWqt7y; Status:404; Message:Not Found; DateTime:h12/05/2021; ResponseTime:0.190 ms
Method:GET; URL:/socket.io/?EIO=3&transport=polling&t=NbWquMI; Status:404; Message:Not Found; DateTime:h12/05/2021; ResponseTime:0.186 ms
Method:GET; URL:/socket.io/?EIO=3&transport=polling&t=NbWqvad; Status:404; Message:Not Found; DateTime:h12/05/2021; ResponseTime:0.243 ms
Method:GET; URL:/socket.io/?EIO=3&transport=polling&t=NbWqwox; Status:404; Message:Not Found; DateTime:h12/05/2021; ResponseTime:0.204 ms
Method:GET; URL:/socket.io/?EIO=3&transport=polling&t=NbWqy1J; Status:404; Message:Not Found; DateTime:h12/05/2021; ResponseTime:0.187 ms
Method:GET; URL:/socket.io/?EIO=3&transport=polling&t=NbWqzFf; Status:404; Message:Not Found; DateTime:h12/05/2021; ResponseTime:0.314 ms
Method:GET; URL:/socket.io/?EIO=3&transport=polling&t=NbWq-U7; Status:404; Message:Not Found; DateTime:h12/05/2021; ResponseTime:0.199 ms
Method:GET; URL:/socket.io/?EIO=3&transport=polling&t=NbWq_iV; Status:404; Message:Not Found; DateTime:h12/05/2021; ResponseTime:0.187 ms
Method:GET; URL:/socket.io/?EIO=3&transport=polling&t=NbWr0wq; Status:404; Message:Not Found; DateTime:h12/05/2021; ResponseTime:0.173 ms
Method:GET; URL:/socket.io/?EIO=3&transport=polling&t=NbWr299; Status:404; Message:Not Found; DateTime:h12/05/2021; ResponseTime:0.190 ms
Method:GET; URL:/socket.io/?EIO=3&transport=polling&t=NbWr3NV; Status:404; Message:Not Found; DateTime:h12/05/2021; ResponseTime:0.186 ms
Method:GET; URL:/socket.io/?EIO=3&transport=polling&t=NbWr4c3; Status:404; Message:Not Found; DateTime:h12/05/2021; ResponseTime:0.316 ms
Method:GET; URL:/socket.io/?EIO=3&transport=polling&t=NbWr5qd; Status:404; Message:Not Found; DateTime:h12/05/2021; ResponseTime:0.184 ms
Method:GET; URL:/socket.io/?EIO=3&transport=polling&t=NbWr72_; Status:404; Message:Not Found; DateTime:h12/05/2021; ResponseTime:0.184 ms
Method:GET; URL:/socket.io/?EIO=3&transport=polling&t=NbWr8HL; Status:404; Message:Not Found; DateTime:h12/05/2021; ResponseTime:8.664 ms
Method:GET; URL:/socket.io/?EIO=3&transport=polling&t=NbWr9lx; Status:404; Message:Not Found; DateTime:h12/05/2021; ResponseTime:0.432 ms
Method:GET; URL:/socket.io/?EIO=3&transport=polling&t=NbWrA-G; Status:404; Message:Not Found; DateTime:h12/05/2021; ResponseTime:4.364 ms
Method:GET; URL:/socket.io/?EIO=3&transport=polling&t=NbWrCKo; Status:404; Message:Not Found; DateTime:h12/05/2021; ResponseTime:0.387 ms
Method:GET; URL:/socket.io/?EIO=3&transport=polling&t=NbWrDZ7; Status:404; Message:Not Found; DateTime:h12/05/2021; ResponseTime:0.263 ms
Method:GET; URL:/socket.io/?EIO=3&transport=polling&t=NbWrEnS; Status:404; Message:Not Found; DateTime:h12/05/2021; ResponseTime:0.267 ms
Method:GET; URL:/socket.io/?EIO=3&transport=polling&t=NbWrF_q; Status:404; Message:Not Found; DateTime:h12/05/2021; ResponseTime:0.372 ms
Method:GET; URL:/socket.io/?EIO=3&transport=polling&t=NbWrHE8; Status:404; Message:Not Found; DateTime:h12/05/2021; ResponseTime:0.305 ms
Method:GET; URL:/socket.io/?EIO=3&transport=polling&t=NbWrISV; Status:404; Message:Not Found; DateTime:h12/05/2021; ResponseTime:0.417 ms
Method:GET; URL:/socket.io/?EIO=3&transport=polling&t=NbWrJgp; Status:404; Message:Not Found; DateTime:h12/05/2021; ResponseTime:0.354 ms
Method:GET; URL:/socket.io/?EIO=3&transport=polling&t=NbWrKvA; Status:404; Message:Not Found; DateTime:h12/05/2021; ResponseTime:0.256 ms
Method:GET; URL:/socket.io/?EIO=3&transport=polling&t=NbWrM7X; Status:404; Message:Not Found; DateTime:h12/05/2021; ResponseTime:0.212 ms
Method:GET; URL:/socket.io/?EIO=3&transport=polling&t=NbWrNLt; Status:404; Message:Not Found; DateTime:h12/05/2021; ResponseTime:0.347 ms
Method:GET; URL:/socket.io/?EIO=3&transport=polling&t=NbWrOaF; Status:404; Message:Not Found; DateTime:h12/05/2021; ResponseTime:0.206 ms
Method:GET; URL:/socket.io/?EIO=3&transport=polling&t=NbWrPoe; Status:404; Message:Not Found; DateTime:h12/05/2021; ResponseTime:0.359 ms
Method:GET; URL:/socket.io/?EIO=3&transport=polling&t=NbWrR10; Status:404; Message:Not Found; DateTime:h12/05/2021; ResponseTime:0.359 ms
Method:GET; URL:/socket.io/?EIO=3&transport=polling&t=NbWrSFO; Status:404; Message:Not Found; DateTime:h12/05/2021; ResponseTime:0.227 ms
Method:GET; URL:/socket.io/?EIO=3&transport=polling&t=NbWrTTn; Status:404; Message:Not Found; DateTime:h12/05/2021; ResponseTime:0.352 ms
